#
# There is insufficient memory for the Java Runtime Environment to continue.
# Native memory allocation (malloc) failed to allocate 16252928 bytes for committing reserved memory.
# Possible reasons:
#   The system is out of physical RAM or swap space
#   In 32 bit mode, the process size limit was hit
# Possible solutions:
#   Reduce memory load on the system
#   Increase physical memory or swap space
#   Check if swap backing store is full
#   Use 64 bit Java on a 64 bit OS
#   Decrease Java heap size (-Xmx/-Xms)
#   Decrease number of Java threads
#   Decrease Java thread stack sizes (-Xss)
#   Set larger code cache with -XX:ReservedCodeCacheSize=
# This output file may be truncated or incomplete.
#
#  Out of Memory Error (os_linux.cpp:2809), pid=15599, tid=139965105551104
#
# JRE version: OpenJDK Runtime Environment (7.0_79-b14) (build 1.7.0_79-b14)
# Java VM: OpenJDK 64-Bit Server VM (24.79-b02 mixed mode linux-amd64 compressed oops)
# Derivative: IcedTea 2.5.6
# Distribution: Ubuntu 14.04 LTS, package 7u79-2.5.6-0ubuntu1.14.04.1
# Failed to write core dump. Core dumps have been disabled. To enable core dumping, try "ulimit -c unlimited" before starting Java again
#

---------------  T H R E A D  ---------------

Current thread (0x00007f4c30073000):  VMThread [stack: 0x00007f4c2a55b000,0x00007f4c2a65c000] [id=15605]

Stack: [0x00007f4c2a55b000,0x00007f4c2a65c000],  sp=0x00007f4c2a65a490,  free space=1021k
Native frames: (J=compiled Java code, j=interpreted, Vv=VM code, C=native code)
V  [libjvm.so+0x94afd5]  VMError::report_and_die()+0x175
V  [libjvm.so+0x48b9f4]  report_vm_out_of_memory(char const*, int, unsigned long, char const*)+0x74
V  [libjvm.so+0x7c809b]  os::pd_commit_memory(char*, unsigned long, unsigned long, bool)+0xeb
V  [libjvm.so+0x7c2b3f]  os::commit_memory(char*, unsigned long, unsigned long, bool)+0x1f
V  [libjvm.so+0x83503b]  PSVirtualSpace::expand_by(unsigned long)+0x5b
V  [libjvm.so+0x824d8b]  PSOldGen::expand_by(unsigned long) [clone .part.80]+0x1b
V  [libjvm.so+0x824f4b]  PSOldGen::expand(unsigned long) [clone .part.81]+0xdb
V  [libjvm.so+0x825e78]  PSOldGen::resize(unsigned long)+0x188
V  [libjvm.so+0x82cf44]  PSParallelCompact::invoke_no_policy(bool)+0x9c4
V  [libjvm.so+0x83317d]  PSScavenge::invoke()+0x17d
V  [libjvm.so+0x7e9723]  ParallelScavengeHeap::failed_mem_allocate(unsigned long)+0x63
V  [libjvm.so+0x94c9d4]  VM_ParallelGCFailedAllocation::doit()+0x84
V  [libjvm.so+0x950ed7]  VM_Operation::evaluate()+0x47
V  [libjvm.so+0x94f848]  VMThread::evaluate_operation(VM_Operation*)+0x318
V  [libjvm.so+0x94fca9]  VMThread::loop()+0x219
V  [libjvm.so+0x9500f2]  VMThread::run()+0x72
V  [libjvm.so+0x7c4f62]  java_start(Thread*)+0xf2

VM_Operation (0x00007f4c3724cbb0): ParallelGCFailedAllocation, mode: safepoint, requested by thread 0x00007f4c3000c000


---------------  P R O C E S S  ---------------

Java Threads: ( => current thread )
  0x00007f4c304e6800 JavaThread "Java2D Disposer" daemon [_thread_blocked, id=15636, stack(0x00007f4bf84a8000,0x00007f4bf85a9000)]
  0x00007f4c30390000 JavaThread "pool-2-thread-1" daemon [_thread_blocked, id=15619, stack(0x00007f4c2807b000,0x00007f4c2817c000)]
  0x00007f4c30138000 JavaThread "pool-1-thread-1" [_thread_blocked, id=15615, stack(0x00007f4c29562000,0x00007f4c29663000)]
  0x00007f4c002bc000 JavaThread "Timer-0" daemon [_thread_blocked, id=15614, stack(0x00007f4c29095000,0x00007f4c29196000)]
  0x00007f4c300af000 JavaThread "Service Thread" daemon [_thread_blocked, id=15611, stack(0x00007f4c29b16000,0x00007f4c29c17000)]
  0x00007f4c300ac800 JavaThread "C2 CompilerThread1" daemon [_thread_blocked, id=15610, stack(0x00007f4c29c17000,0x00007f4c29d18000)]
  0x00007f4c300a9800 JavaThread "C2 CompilerThread0" daemon [_thread_blocked, id=15609, stack(0x00007f4c29d18000,0x00007f4c29e19000)]
  0x00007f4c300a7800 JavaThread "Signal Dispatcher" daemon [_thread_blocked, id=15608, stack(0x00007f4c29e19000,0x00007f4c29f1a000)]
  0x00007f4c30079800 JavaThread "Finalizer" daemon [_thread_blocked, id=15607, stack(0x00007f4c2a359000,0x00007f4c2a45a000)]
  0x00007f4c30077800 JavaThread "Reference Handler" daemon [_thread_blocked, id=15606, stack(0x00007f4c2a45a000,0x00007f4c2a55b000)]
  0x00007f4c3000c000 JavaThread "main" [_thread_blocked, id=15602, stack(0x00007f4c3714e000,0x00007f4c3724f000)]

Other Threads:
=>0x00007f4c30073000 VMThread [stack: 0x00007f4c2a55b000,0x00007f4c2a65c000] [id=15605]
  0x00007f4c300b9800 WatcherThread [stack: 0x00007f4c29a15000,0x00007f4c29b16000] [id=15612]

VM state:at safepoint (normal execution)

VM Mutex/Monitor currently owned by a thread:  ([mutex/lock_event])
[0x00007f4c30007e90] ExpandHeap_lock - owner thread: 0x00007f4c30073000
[0x00007f4c30008510] Threads_lock - owner thread: 0x00007f4c30073000
[0x00007f4c30008a10] Heap_lock - owner thread: 0x00007f4c3000c000

Heap
 PSYoungGen      total 116736K, used 0K [0x00000000f5500000, 0x0000000100000000, 0x0000000100000000)
  eden space 58368K, 0% used [0x00000000f5500000,0x00000000f5500000,0x00000000f8e00000)
  from space 58368K, 0% used [0x00000000fc700000,0x00000000fc700000,0x0000000100000000)
  to   space 58368K, 0% used [0x00000000f8e00000,0x00000000f8e00000,0x00000000fc700000)
 ParOldGen       total 134144K, used 97469K [0x00000000e0000000, 0x00000000e8300000, 0x00000000f5500000)
  object space 134144K, 72% used [0x00000000e0000000,0x00000000e5f2f700,0x00000000e8300000)
 PSPermGen       total 24576K, used 23826K [0x00000000d5a00000, 0x00000000d7200000, 0x00000000e0000000)
  object space 24576K, 96% used [0x00000000d5a00000,0x00000000d7144b08,0x00000000d7200000)

Card table byte_map: [0x00007f4c34056000,0x00007f4c341aa000] byte_map_base: 0x00007f4c339a9000

Polling page: 0x00007f4c37272000

Code Cache  [0x00007f4c2cbeb000, 0x00007f4c2cfcb000, 0x00007f4c2fbeb000)
 total_blobs=1956 nmethods=1554 adapters=353 free_code_cache=45265Kb largest_free_block=46275200

Compilation events (10 events):
Event: 27.351 Thread 0x00007f4c300a9800 nmethod 1787 0x00007f4c2cfbfa90 code [0x00007f4c2cfbfc20, 0x00007f4c2cfbfe48]
Event: 27.352 Thread 0x00007f4c300a9800 1788             com.google.gwt.dev.util.collect.Stack::peek (17 bytes)
Event: 27.355 Thread 0x00007f4c300a9800 nmethod 1788 0x00007f4c2cfc3c10 code [0x00007f4c2cfc3d60, 0x00007f4c2cfc3e38]
Event: 27.355 Thread 0x00007f4c300a9800 1789             com.google.gwt.dev.jjs.impl.Pruner$CleanupRefsVisitor::endVisit (47 bytes)
Event: 27.372 Thread 0x00007f4c300ac800 nmethod 1785 0x00007f4c2cfc79d0 code [0x00007f4c2cfc7c40, 0x00007f4c2cfc8740]
Event: 27.372 Thread 0x00007f4c300ac800 1790             com.google.gwt.dev.jjs.impl.Finalizer$FinalizeVisitor::endVisit (29 bytes)
Event: 27.382 Thread 0x00007f4c300a9800 nmethod 1789 0x00007f4c2cfbed10 code [0x00007f4c2cfbeec0, 0x00007f4c2cfbf398]
Event: 27.386 Thread 0x00007f4c300ac800 nmethod 1790 0x00007f4c2cfc5910 code [0x00007f4c2cfc5a80, 0x00007f4c2cfc5ce8]
Event: 27.388 Thread 0x00007f4c300a9800 1791             com.google.gwt.dev.jjs.ast.js.JsniFieldRef::traverse (16 bytes)
Event: 27.389 Thread 0x00007f4c300a9800 nmethod 1791 0x00007f4c2cfc0750 code [0x00007f4c2cfc08a0, 0x00007f4c2cfc0938]

GC Heap History (10 events):
Event: 22.488 GC heap after
Heap after GC invocations=30 (full 4):
 PSYoungGen      total 112128K, used 44723K [0x00000000f5500000, 0x0000000100000000, 0x0000000100000000)
  eden space 59392K, 0% used [0x00000000f5500000,0x00000000f5500000,0x00000000f8f00000)
  from space 52736K, 84% used [0x00000000fc880000,0x00000000ff42ccb0,0x00000000ffc00000)
  to   space 57856K, 0% used [0x00000000f8f00000,0x00000000f8f00000,0x00000000fc780000)
 ParOldGen       total 134144K, used 91829K [0x00000000e0000000, 0x00000000e8300000, 0x00000000f5500000)
  object space 134144K, 68% used [0x00000000e0000000,0x00000000e59ad6a8,0x00000000e8300000)
 PSPermGen       total 24576K, used 20224K [0x00000000d5a00000, 0x00000000d7200000, 0x00000000e0000000)
  object space 24576K, 82% used [0x00000000d5a00000,0x00000000d6dc0228,0x00000000d7200000)
}
Event: 23.670 GC heap before
{Heap before GC invocations=31 (full 4):
 PSYoungGen      total 112128K, used 104115K [0x00000000f5500000, 0x0000000100000000, 0x0000000100000000)
  eden space 59392K, 100% used [0x00000000f5500000,0x00000000f8f00000,0x00000000f8f00000)
  from space 52736K, 84% used [0x00000000fc880000,0x00000000ff42ccb0,0x00000000ffc00000)
  to   space 57856K, 0% used [0x00000000f8f00000,0x00000000f8f00000,0x00000000fc780000)
 ParOldGen       total 134144K, used 91829K [0x00000000e0000000, 0x00000000e8300000, 0x00000000f5500000)
  object space 134144K, 68% used [0x00000000e0000000,0x00000000e59ad6a8,0x00000000e8300000)
 PSPermGen       total 24576K, used 22726K [0x00000000d5a00000, 0x00000000d7200000, 0x00000000e0000000)
  object space 24576K, 92% used [0x00000000d5a00000,0x00000000d7031ab0,0x00000000d7200000)
Event: 23.730 GC heap after
Heap after GC invocations=31 (full 4):
 PSYoungGen      total 107008K, used 47414K [0x00000000f5500000, 0x0000000100000000, 0x0000000100000000)
  eden space 59392K, 0% used [0x00000000f5500000,0x00000000f5500000,0x00000000f8f00000)
  from space 47616K, 99% used [0x00000000f8f00000,0x00000000fbd4da98,0x00000000fbd80000)
  to   space 58368K, 0% used [0x00000000fc700000,0x00000000fc700000,0x0000000100000000)
 ParOldGen       total 134144K, used 91829K [0x00000000e0000000, 0x00000000e8300000, 0x00000000f5500000)
  object space 134144K, 68% used [0x00000000e0000000,0x00000000e59ad6a8,0x00000000e8300000)
 PSPermGen       total 24576K, used 22726K [0x00000000d5a00000, 0x00000000d7200000, 0x00000000e0000000)
  object space 24576K, 92% used [0x00000000d5a00000,0x00000000d7031ab0,0x00000000d7200000)
}
Event: 25.038 GC heap before
{Heap before GC invocations=32 (full 4):
 PSYoungGen      total 107008K, used 106806K [0x00000000f5500000, 0x0000000100000000, 0x0000000100000000)
  eden space 59392K, 100% used [0x00000000f5500000,0x00000000f8f00000,0x00000000f8f00000)
  from space 47616K, 99% used [0x00000000f8f00000,0x00000000fbd4da98,0x00000000fbd80000)
  to   space 58368K, 0% used [0x00000000fc700000,0x00000000fc700000,0x0000000100000000)
 ParOldGen       total 134144K, used 91829K [0x00000000e0000000, 0x00000000e8300000, 0x00000000f5500000)
  object space 134144K, 68% used [0x00000000e0000000,0x00000000e59ad6a8,0x00000000e8300000)
 PSPermGen       total 24576K, used 23266K [0x00000000d5a00000, 0x00000000d7200000, 0x00000000e0000000)
  object space 24576K, 94% used [0x00000000d5a00000,0x00000000d70b88a8,0x00000000d7200000)
Event: 25.084 GC heap after
Heap after GC invocations=32 (full 4):
 PSYoungGen      total 116736K, used 38382K [0x00000000f5500000, 0x0000000100000000, 0x0000000100000000)
  eden space 58368K, 0% used [0x00000000f5500000,0x00000000f5500000,0x00000000f8e00000)
  from space 58368K, 65% used [0x00000000fc700000,0x00000000fec7ba28,0x0000000100000000)
  to   space 58368K, 0% used [0x00000000f8e00000,0x00000000f8e00000,0x00000000fc700000)
 ParOldGen       total 134144K, used 94874K [0x00000000e0000000, 0x00000000e8300000, 0x00000000f5500000)
  object space 134144K, 70% used [0x00000000e0000000,0x00000000e5ca6ab8,0x00000000e8300000)
 PSPermGen       total 24576K, used 23266K [0x00000000d5a00000, 0x00000000d7200000, 0x00000000e0000000)
  object space 24576K, 94% used [0x00000000d5a00000,0x00000000d70b88a8,0x00000000d7200000)
}
Event: 26.190 GC heap before
{Heap before GC invocations=33 (full 4):
 PSYoungGen      total 116736K, used 96750K [0x00000000f5500000, 0x0000000100000000, 0x0000000100000000)
  eden space 58368K, 100% used [0x00000000f5500000,0x00000000f8e00000,0x00000000f8e00000)
  from space 58368K, 65% used [0x00000000fc700000,0x00000000fec7ba28,0x0000000100000000)
  to   space 58368K, 0% used [0x00000000f8e00000,0x00000000f8e00000,0x00000000fc700000)
 ParOldGen       total 134144K, used 94874K [0x00000000e0000000, 0x00000000e8300000, 0x00000000f5500000)
  object space 134144K, 70% used [0x00000000e0000000,0x00000000e5ca6ab8,0x00000000e8300000)
 PSPermGen       total 24576K, used 23697K [0x00000000d5a00000, 0x00000000d7200000, 0x00000000e0000000)
  object space 24576K, 96% used [0x00000000d5a00000,0x00000000d7124628,0x00000000d7200000)
Event: 26.327 GC heap after
Heap after GC invocations=33 (full 4):
 PSYoungGen      total 116736K, used 20161K [0x00000000f5500000, 0x0000000100000000, 0x0000000100000000)
  eden space 58368K, 0% used [0x00000000f5500000,0x00000000f5500000,0x00000000f8e00000)
  from space 58368K, 34% used [0x00000000f8e00000,0x00000000fa1b0520,0x00000000fc700000)
  to   space 58368K, 0% used [0x00000000fc700000,0x00000000fc700000,0x0000000100000000)
 ParOldGen       total 134144K, used 113369K [0x00000000e0000000, 0x00000000e8300000, 0x00000000f5500000)
  object space 134144K, 84% used [0x00000000e0000000,0x00000000e6eb64f0,0x00000000e8300000)
 PSPermGen       total 24576K, used 23697K [0x00000000d5a00000, 0x00000000d7200000, 0x00000000e0000000)
  object space 24576K, 96% used [0x00000000d5a00000,0x00000000d7124628,0x00000000d7200000)
}
Event: 27.400 GC heap before
{Heap before GC invocations=34 (full 4):
 PSYoungGen      total 116736K, used 78529K [0x00000000f5500000, 0x0000000100000000, 0x0000000100000000)
  eden space 58368K, 100% used [0x00000000f5500000,0x00000000f8e00000,0x00000000f8e00000)
  from space 58368K, 34% used [0x00000000f8e00000,0x00000000fa1b0520,0x00000000fc700000)
  to   space 58368K, 0% used [0x00000000fc700000,0x00000000fc700000,0x0000000100000000)
 ParOldGen       total 134144K, used 113369K [0x00000000e0000000, 0x00000000e8300000, 0x00000000f5500000)
  object space 134144K, 84% used [0x00000000e0000000,0x00000000e6eb64f0,0x00000000e8300000)
 PSPermGen       total 24576K, used 23838K [0x00000000d5a00000, 0x00000000d7200000, 0x00000000e0000000)
  object space 24576K, 96% used [0x00000000d5a00000,0x00000000d7147838,0x00000000d7200000)
Event: 27.446 GC heap after
Heap after GC invocations=34 (full 4):
 PSYoungGen      total 116736K, used 8822K [0x00000000f5500000, 0x0000000100000000, 0x0000000100000000)
  eden space 58368K, 0% used [0x00000000f5500000,0x00000000f5500000,0x00000000f8e00000)
  from space 58368K, 15% used [0x00000000fc700000,0x00000000fcf9da50,0x0000000100000000)
  to   space 58368K, 0% used [0x00000000f8e00000,0x00000000f8e00000,0x00000000fc700000)
 ParOldGen       total 134144K, used 123645K [0x00000000e0000000, 0x00000000e8300000, 0x00000000f5500000)
  object space 134144K, 92% used [0x00000000e0000000,0x00000000e78bf5e0,0x00000000e8300000)
 PSPermGen       total 24576K, used 23838K [0x00000000d5a00000, 0x00000000d7200000, 0x00000000e0000000)
  object space 24576K, 96% used [0x00000000d5a00000,0x00000000d7147838,0x00000000d7200000)
}
Event: 27.446 GC heap before
{Heap before GC invocations=35 (full 5):
 PSYoungGen      total 116736K, used 8822K [0x00000000f5500000, 0x0000000100000000, 0x0000000100000000)
  eden space 58368K, 0% used [0x00000000f5500000,0x00000000f5500000,0x00000000f8e00000)
  from space 58368K, 15% used [0x00000000fc700000,0x00000000fcf9da50,0x0000000100000000)
  to   space 58368K, 0% used [0x00000000f8e00000,0x00000000f8e00000,0x00000000fc700000)
 ParOldGen       total 134144K, used 123645K [0x00000000e0000000, 0x00000000e8300000, 0x00000000f5500000)
  object space 134144K, 92% used [0x00000000e0000000,0x00000000e78bf5e0,0x00000000e8300000)
 PSPermGen       total 24576K, used 23838K [0x00000000d5a00000, 0x00000000d7200000, 0x00000000e0000000)
  object space 24576K, 96% used [0x00000000d5a00000,0x00000000d7147838,0x00000000d7200000)

Deoptimization events (10 events):
Event: 27.117 Thread 0x00007f4c3000c000 Uncommon trap: reason=class_check action=maybe_recompile pc=0x00007f4c2cfafe70 method=com.google.gwt.dev.jjs.impl.DeadCodeElimination$DeadCodeVisitor.tryGetConstant(Lcom/google/gwt/dev/jjs/ast/JVariableRef;)Lcom/google/gwt/dev/jjs/ast/JLiteral; @ 36
Event: 27.117 Thread 0x00007f4c3000c000 Uncommon trap: reason=class_check action=maybe_recompile pc=0x00007f4c2cfafe70 method=com.google.gwt.dev.jjs.impl.DeadCodeElimination$DeadCodeVisitor.tryGetConstant(Lcom/google/gwt/dev/jjs/ast/JVariableRef;)Lcom/google/gwt/dev/jjs/ast/JLiteral; @ 36
Event: 27.124 Thread 0x00007f4c3000c000 Uncommon trap: reason=class_check action=maybe_recompile pc=0x00007f4c2cfafde4 method=com.google.gwt.dev.jjs.impl.DeadCodeElimination$DeadCodeVisitor.tryGetConstant(Lcom/google/gwt/dev/jjs/ast/JVariableRef;)Lcom/google/gwt/dev/jjs/ast/JLiteral; @ 43
Event: 27.124 Thread 0x00007f4c3000c000 Uncommon trap: reason=class_check action=maybe_recompile pc=0x00007f4c2cfafde4 method=com.google.gwt.dev.jjs.impl.DeadCodeElimination$DeadCodeVisitor.tryGetConstant(Lcom/google/gwt/dev/jjs/ast/JVariableRef;)Lcom/google/gwt/dev/jjs/ast/JLiteral; @ 43
Event: 27.142 Thread 0x00007f4c3000c000 Uncommon trap: reason=class_check action=maybe_recompile pc=0x00007f4c2cfb56c8 method=com.google.gwt.dev.jjs.impl.DeadCodeElimination$DeadCodeVisitor.endVisit(Lcom/google/gwt/dev/jjs/ast/JFieldRef;Lcom/google/gwt/dev/jjs/ast/Context;)V @ 99
Event: 27.143 Thread 0x00007f4c3000c000 Uncommon trap: reason=class_check action=maybe_recompile pc=0x00007f4c2cfb56c8 method=com.google.gwt.dev.jjs.impl.DeadCodeElimination$DeadCodeVisitor.endVisit(Lcom/google/gwt/dev/jjs/ast/JFieldRef;Lcom/google/gwt/dev/jjs/ast/Context;)V @ 99
Event: 27.143 Thread 0x00007f4c3000c000 Uncommon trap: reason=class_check action=maybe_recompile pc=0x00007f4c2cfb56c8 method=com.google.gwt.dev.jjs.impl.DeadCodeElimination$DeadCodeVisitor.endVisit(Lcom/google/gwt/dev/jjs/ast/JFieldRef;Lcom/google/gwt/dev/jjs/ast/Context;)V @ 99
Event: 27.143 Thread 0x00007f4c3000c000 Uncommon trap: reason=class_check action=maybe_recompile pc=0x00007f4c2cfb56c8 method=com.google.gwt.dev.jjs.impl.DeadCodeElimination$DeadCodeVisitor.endVisit(Lcom/google/gwt/dev/jjs/ast/JFieldRef;Lcom/google/gwt/dev/jjs/ast/Context;)V @ 99
Event: 27.244 Thread 0x00007f4c3000c000 Uncommon trap: reason=class_check action=maybe_recompile pc=0x00007f4c2cf3ed20 method=com.google.gwt.dev.jjs.impl.ControlFlowAnalyzer$RescueVisitor.rescue(Lcom/google/gwt/dev/jjs/ast/JVariable;)V @ 211
Event: 27.312 Thread 0x00007f4c3000c000 Uncommon trap: reason=null_check action=make_not_entrant pc=0x00007f4c2cf84f7c method=com.google.gwt.dev.jjs.ast.JProgram.removeStaticImplMapping(Lcom/google/gwt/dev/jjs/ast/JMethod;)V @ 10

Internal exceptions (10 events):
Event: 26.387 Thread 0x00007f4c3000c000 Threw 0x00000000f56f9ba0 at /build/openjdk-7-FO0dNI/openjdk-7-7u79-2.5.6/build/openjdk/hotspot/src/share/vm/prims/jvm.cpp:1284
Event: 26.393 Thread 0x00007f4c3000c000 Threw 0x00000000f5701d68 at /build/openjdk-7-FO0dNI/openjdk-7-7u79-2.5.6/build/openjdk/hotspot/src/share/vm/prims/jvm.cpp:1284
Event: 26.471 Thread 0x00007f4c3000c000 Threw 0x00000000f597b808 at /build/openjdk-7-FO0dNI/openjdk-7-7u79-2.5.6/build/openjdk/hotspot/src/share/vm/prims/jvm.cpp:1284
Event: 26.475 Thread 0x00007f4c3000c000 Threw 0x00000000f598cc70 at /build/openjdk-7-FO0dNI/openjdk-7-7u79-2.5.6/build/openjdk/hotspot/src/share/vm/prims/jvm.cpp:1284
Event: 26.479 Thread 0x00007f4c3000c000 Threw 0x00000000f5997ae0 at /build/openjdk-7-FO0dNI/openjdk-7-7u79-2.5.6/build/openjdk/hotspot/src/share/vm/prims/jvm.cpp:1284
Event: 26.481 Thread 0x00007f4c3000c000 Threw 0x00000000f59a3430 at /build/openjdk-7-FO0dNI/openjdk-7-7u79-2.5.6/build/openjdk/hotspot/src/share/vm/prims/jvm.cpp:1284
Event: 26.490 Thread 0x00007f4c3000c000 Implicit null exception at 0x00007f4c2ccd8500 to 0x00007f4c2ccd853d
Event: 26.544 Thread 0x00007f4c3000c000 Threw 0x00000000f59b7df8 at /build/openjdk-7-FO0dNI/openjdk-7-7u79-2.5.6/build/openjdk/hotspot/src/share/vm/prims/jvm.cpp:1284
Event: 26.547 Thread 0x00007f4c3000c000 Threw 0x00000000f59c0608 at /build/openjdk-7-FO0dNI/openjdk-7-7u79-2.5.6/build/openjdk/hotspot/src/share/vm/prims/jvm.cpp:1284
Event: 27.311 Thread 0x00007f4c3000c000 Implicit null exception at 0x00007f4c2cf84148 to 0x00007f4c2cf84f6d

Events (10 events):
Event: 27.143 Thread 0x00007f4c3000c000 DEOPT UNPACKING pc=0x00007f4c2cc24445 sp=0x00007f4c3724cb78 mode 2
Event: 27.188 Executing VM operation: ForceSafepoint
Event: 27.198 Executing VM operation: ForceSafepoint done
Event: 27.244 Thread 0x00007f4c3000c000 Uncommon trap: trap_request=0xffffffde fr.pc=0x00007f4c2cf3ed20
Event: 27.244 Thread 0x00007f4c3000c000 DEOPT PACKING pc=0x00007f4c2cf3ed20 sp=0x00007f4c3724c660
Event: 27.244 Thread 0x00007f4c3000c000 DEOPT UNPACKING pc=0x00007f4c2cc24445 sp=0x00007f4c3724c630 mode 2
Event: 27.312 Thread 0x00007f4c3000c000 Uncommon trap: trap_request=0xfffffff4 fr.pc=0x00007f4c2cf84f7c
Event: 27.312 Thread 0x00007f4c3000c000 DEOPT PACKING pc=0x00007f4c2cf84f7c sp=0x00007f4c3724ce30
Event: 27.315 Thread 0x00007f4c3000c000 DEOPT UNPACKING pc=0x00007f4c2cc24445 sp=0x00007f4c3724cda8 mode 2
Event: 27.393 Executing VM operation: ParallelGCFailedAllocation


Dynamic libraries:
00400000-00401000 r-xp 00000000 08:01 659924                             /usr/lib/jvm/java-7-openjdk-amd64/jre/bin/java
00600000-00601000 r--p 00000000 08:01 659924                             /usr/lib/jvm/java-7-openjdk-amd64/jre/bin/java
00601000-00602000 rw-p 00001000 08:01 659924                             /usr/lib/jvm/java-7-openjdk-amd64/jre/bin/java
0161e000-0163f000 rw-p 00000000 00:00 0                                  [heap]
d5a00000-d7200000 rw-p 00000000 00:00 0 
d7200000-e0000000 rw-p 00000000 00:00 0 
e0000000-e8300000 rw-p 00000000 00:00 0 
e9280000-f5500000 rw-p 00000000 00:00 0 
f5500000-100000000 rw-p 00000000 00:00 0 
7f4be8000000-7f4be8021000 rw-p 00000000 00:00 0 
7f4be8021000-7f4bec000000 ---p 00000000 00:00 0 
7f4bf0000000-7f4bf00d6000 rw-p 00000000 00:00 0 
7f4bf00d6000-7f4bf4000000 ---p 00000000 00:00 0 
7f4bf4000000-7f4bf4021000 rw-p 00000000 00:00 0 
7f4bf4021000-7f4bf8000000 ---p 00000000 00:00 0 
7f4bf83a7000-7f4bf83aa000 ---p 00000000 00:00 0 
7f4bf83aa000-7f4bf84a8000 rw-p 00000000 00:00 0 
7f4bf84a8000-7f4bf84ab000 ---p 00000000 00:00 0 
7f4bf84ab000-7f4bf85a9000 rw-p 00000000 00:00 0                          [stack:15636]
7f4bf85a9000-7f4bf85ad000 r-xp 00000000 08:01 2232646                    /lib/x86_64-linux-gnu/libgpg-error.so.0.10.0
7f4bf85ad000-7f4bf87ac000 ---p 00004000 08:01 2232646                    /lib/x86_64-linux-gnu/libgpg-error.so.0.10.0
7f4bf87ac000-7f4bf87ad000 r--p 00003000 08:01 2232646                    /lib/x86_64-linux-gnu/libgpg-error.so.0.10.0
7f4bf87ad000-7f4bf87ae000 rw-p 00004000 08:01 2232646                    /lib/x86_64-linux-gnu/libgpg-error.so.0.10.0
7f4bf87ae000-7f4bf87b0000 r-xp 00000000 08:01 2232656                    /lib/x86_64-linux-gnu/libkeyutils.so.1.4
7f4bf87b0000-7f4bf89b0000 ---p 00002000 08:01 2232656                    /lib/x86_64-linux-gnu/libkeyutils.so.1.4
7f4bf89b0000-7f4bf89b1000 r--p 00002000 08:01 2232656                    /lib/x86_64-linux-gnu/libkeyutils.so.1.4
7f4bf89b1000-7f4bf89b2000 rw-p 00003000 08:01 2232656                    /lib/x86_64-linux-gnu/libkeyutils.so.1.4
7f4bf89b2000-7f4bf89d7000 r-xp 00000000 08:01 2232729                    /lib/x86_64-linux-gnu/libpng12.so.0.50.0
7f4bf89d7000-7f4bf8bd6000 ---p 00025000 08:01 2232729                    /lib/x86_64-linux-gnu/libpng12.so.0.50.0
7f4bf8bd6000-7f4bf8bd7000 r--p 00024000 08:01 2232729                    /lib/x86_64-linux-gnu/libpng12.so.0.50.0
7f4bf8bd7000-7f4bf8bd8000 rw-p 00025000 08:01 2232729                    /lib/x86_64-linux-gnu/libpng12.so.0.50.0
7f4bf8bd8000-7f4bf8c1c000 r-xp 00000000 08:01 2229237                    /lib/x86_64-linux-gnu/libdbus-1.so.3.7.6
7f4bf8c1c000-7f4bf8e1b000 ---p 00044000 08:01 2229237                    /lib/x86_64-linux-gnu/libdbus-1.so.3.7.6
7f4bf8e1b000-7f4bf8e1c000 r--p 00043000 08:01 2229237                    /lib/x86_64-linux-gnu/libdbus-1.so.3.7.6
7f4bf8e1c000-7f4bf8e1d000 rw-p 00044000 08:01 2229237                    /lib/x86_64-linux-gnu/libdbus-1.so.3.7.6
7f4bf8e1d000-7f4bf8e58000 r-xp 00000000 08:01 534305                     /usr/lib/x86_64-linux-gnu/libp11-kit.so.0.0.0
7f4bf8e58000-7f4bf9057000 ---p 0003b000 08:01 534305                     /usr/lib/x86_64-linux-gnu/libp11-kit.so.0.0.0
7f4bf9057000-7f4bf905d000 r--p 0003a000 08:01 534305                     /usr/lib/x86_64-linux-gnu/libp11-kit.so.0.0.0
7f4bf905d000-7f4bf905f000 rw-p 00040000 08:01 534305                     /usr/lib/x86_64-linux-gnu/libp11-kit.so.0.0.0
7f4bf905f000-7f4bf9071000 r-xp 00000000 08:01 524403                     /usr/lib/x86_64-linux-gnu/libtasn1.so.6.2.0
7f4bf9071000-7f4bf9271000 ---p 00012000 08:01 524403                     /usr/lib/x86_64-linux-gnu/libtasn1.so.6.2.0
7f4bf9271000-7f4bf9272000 r--p 00012000 08:01 524403                     /usr/lib/x86_64-linux-gnu/libtasn1.so.6.2.0
7f4bf9272000-7f4bf9273000 rw-p 00013000 08:01 524403                     /usr/lib/x86_64-linux-gnu/libtasn1.so.6.2.0
7f4bf9273000-7f4bf92ef000 r-xp 00000000 08:01 2228395                    /lib/x86_64-linux-gnu/libgcrypt.so.11.8.2
7f4bf92ef000-7f4bf94ef000 ---p 0007c000 08:01 2228395                    /lib/x86_64-linux-gnu/libgcrypt.so.11.8.2
7f4bf94ef000-7f4bf94f0000 r--p 0007c000 08:01 2228395                    /lib/x86_64-linux-gnu/libgcrypt.so.11.8.2
7f4bf94f0000-7f4bf94f3000 rw-p 0007d000 08:01 2228395                    /lib/x86_64-linux-gnu/libgcrypt.so.11.8.2
7f4bf94f3000-7f4bf94fd000 r-xp 00000000 08:01 525855                     /usr/lib/x86_64-linux-gnu/libkrb5support.so.0.1
7f4bf94fd000-7f4bf96fc000 ---p 0000a000 08:01 525855                     /usr/lib/x86_64-linux-gnu/libkrb5support.so.0.1
7f4bf96fc000-7f4bf96fd000 r--p 00009000 08:01 525855                     /usr/lib/x86_64-linux-gnu/libkrb5support.so.0.1
7f4bf96fd000-7f4bf96fe000 rw-p 0000a000 08:01 525855                     /usr/lib/x86_64-linux-gnu/libkrb5support.so.0.1
7f4bf96fe000-7f4bf9701000 r-xp 00000000 08:01 2229315                    /lib/x86_64-linux-gnu/libcom_err.so.2.1
7f4bf9701000-7f4bf9900000 ---p 00003000 08:01 2229315                    /lib/x86_64-linux-gnu/libcom_err.so.2.1
7f4bf9900000-7f4bf9901000 r--p 00002000 08:01 2229315                    /lib/x86_64-linux-gnu/libcom_err.so.2.1
7f4bf9901000-7f4bf9902000 rw-p 00003000 08:01 2229315                    /lib/x86_64-linux-gnu/libcom_err.so.2.1
7f4bf9902000-7f4bf992e000 r-xp 00000000 08:01 525678                     /usr/lib/x86_64-linux-gnu/libk5crypto.so.3.1
7f4bf992e000-7f4bf9b2d000 ---p 0002c000 08:01 525678                     /usr/lib/x86_64-linux-gnu/libk5crypto.so.3.1
7f4bf9b2d000-7f4bf9b2f000 r--p 0002b000 08:01 525678                     /usr/lib/x86_64-linux-gnu/libk5crypto.so.3.1
7f4bf9b2f000-7f4bf9b30000 rw-p 0002d000 08:01 525678                     /usr/lib/x86_64-linux-gnu/libk5crypto.so.3.1
7f4bf9b30000-7f4bf9b31000 rw-p 00000000 00:00 0 
7f4bf9b31000-7f4bf9bed000 r-xp 00000000 08:01 525988                     /usr/lib/x86_64-linux-gnu/libkrb5.so.3.3
7f4bf9bed000-7f4bf9ded000 ---p 000bc000 08:01 525988                     /usr/lib/x86_64-linux-gnu/libkrb5.so.3.3
7f4bf9ded000-7f4bf9dfa000 r--p 000bc000 08:01 525988                     /usr/lib/x86_64-linux-gnu/libkrb5.so.3.3
7f4bf9dfa000-7f4bf9dfc000 rw-p 000c9000 08:01 525988                     /usr/lib/x86_64-linux-gnu/libkrb5.so.3.3
7f4bf9dfc000-7f4bf9e23000 r-xp 00000000 08:01 2228451                    /lib/x86_64-linux-gnu/libexpat.so.1.6.0
7f4bf9e23000-7f4bfa023000 ---p 00027000 08:01 2228451                    /lib/x86_64-linux-gnu/libexpat.so.1.6.0
7f4bfa023000-7f4bfa025000 r--p 00027000 08:01 2228451                    /lib/x86_64-linux-gnu/libexpat.so.1.6.0
7f4bfa025000-7f4bfa026000 rw-p 00029000 08:01 2228451                    /lib/x86_64-linux-gnu/libexpat.so.1.6.0
7f4bfa026000-7f4bfa0c3000 r-xp 00000000 08:01 524800                     /usr/lib/x86_64-linux-gnu/libfreetype.so.6.11.1
7f4bfa0c3000-7f4bfa2c2000 ---p 0009d000 08:01 524800                     /usr/lib/x86_64-linux-gnu/libfreetype.so.6.11.1
7f4bfa2c2000-7f4bfa2c8000 r--p 0009c000 08:01 524800                     /usr/lib/x86_64-linux-gnu/libfreetype.so.6.11.1
7f4bfa2c8000-7f4bfa2c9000 rw-p 000a2000 08:01 524800                     /usr/lib/x86_64-linux-gnu/libfreetype.so.6.11.1
7f4bfa2c9000-7f4bfa2d8000 r-xp 00000000 08:01 533556                     /usr/lib/x86_64-linux-gnu/libavahi-client.so.3.2.9
7f4bfa2d8000-7f4bfa4d8000 ---p 0000f000 08:01 533556                     /usr/lib/x86_64-linux-gnu/libavahi-client.so.3.2.9
7f4bfa4d8000-7f4bfa4d9000 r--p 0000f000 08:01 533556                     /usr/lib/x86_64-linux-gnu/libavahi-client.so.3.2.9
7f4bfa4d9000-7f4bfa4da000 rw-p 00010000 08:01 533556                     /usr/lib/x86_64-linux-gnu/libavahi-client.so.3.2.9
7f4bfa4da000-7f4bfa4e5000 r-xp 00000000 08:01 533558                     /usr/lib/x86_64-linux-gnu/libavahi-common.so.3.5.3
7f4bfa4e5000-7f4bfa6e4000 ---p 0000b000 08:01 533558                     /usr/lib/x86_64-linux-gnu/libavahi-common.so.3.5.3
7f4bfa6e4000-7f4bfa6e5000 r--p 0000a000 08:01 533558                     /usr/lib/x86_64-linux-gnu/libavahi-common.so.3.5.3
7f4bfa6e5000-7f4bfa6e6000 rw-p 0000b000 08:01 533558                     /usr/lib/x86_64-linux-gnu/libavahi-common.so.3.5.3
7f4bfa6e6000-7f4bfa79c000 r-xp 00000000 08:01 524653                     /usr/lib/x86_64-linux-gnu/libgnutls.so.26.22.6
7f4bfa79c000-7f4bfa99c000 ---p 000b6000 08:01 524653                     /usr/lib/x86_64-linux-gnu/libgnutls.so.26.22.6
7f4bfa99c000-7f4bfa9a2000 r--p 000b6000 08:01 524653                     /usr/lib/x86_64-linux-gnu/libgnutls.so.26.22.6
7f4bfa9a2000-7f4bfa9a3000 rw-p 000bc000 08:01 524653                     /usr/lib/x86_64-linux-gnu/libgnutls.so.26.22.6
7f4bfa9a3000-7f4bfa9a4000 rw-p 00000000 00:00 0 
7f4bfa9a4000-7f4bfa9e7000 r-xp 00000000 08:01 527477                     /usr/lib/x86_64-linux-gnu/libgssapi_krb5.so.2.2
7f4bfa9e7000-7f4bfabe7000 ---p 00043000 08:01 527477                     /usr/lib/x86_64-linux-gnu/libgssapi_krb5.so.2.2
7f4bfabe7000-7f4bfabe8000 r--p 00043000 08:01 527477                     /usr/lib/x86_64-linux-gnu/libgssapi_krb5.so.2.2
7f4bfabe8000-7f4bfabea000 rw-p 00044000 08:01 527477                     /usr/lib/x86_64-linux-gnu/libgssapi_krb5.so.2.2
7f4bfabea000-7f4bfac24000 r-xp 00000000 08:01 533797                     /usr/lib/x86_64-linux-gnu/libfontconfig.so.1.8.0
7f4bfac24000-7f4bfae23000 ---p 0003a000 08:01 533797                     /usr/lib/x86_64-linux-gnu/libfontconfig.so.1.8.0
7f4bfae23000-7f4bfae25000 r--p 00039000 08:01 533797                     /usr/lib/x86_64-linux-gnu/libfontconfig.so.1.8.0
7f4bfae25000-7f4bfae26000 rw-p 0003b000 08:01 533797                     /usr/lib/x86_64-linux-gnu/libfontconfig.so.1.8.0
7f4bfae26000-7f4bfae92000 r-xp 00000000 08:01 525051                     /usr/lib/x86_64-linux-gnu/libcups.so.2
7f4bfae92000-7f4bfb092000 ---p 0006c000 08:01 525051                     /usr/lib/x86_64-linux-gnu/libcups.so.2
7f4bfb092000-7f4bfb099000 r--p 0006c000 08:01 525051                     /usr/lib/x86_64-linux-gnu/libcups.so.2
7f4bfb099000-7f4bfb09a000 rw-p 00073000 08:01 525051                     /usr/lib/x86_64-linux-gnu/libcups.so.2
7f4bfb09a000-7f4bfb0a0000 r-xp 00000000 08:01 659847                     /usr/lib/jvm/java-7-openjdk-amd64/jre/lib/amd64/headless/libmawt.so
7f4bfb0a0000-7f4bfb2a0000 ---p 00006000 08:01 659847                     /usr/lib/jvm/java-7-openjdk-amd64/jre/lib/amd64/headless/libmawt.so
7f4bfb2a0000-7f4bfb2a1000 r--p 00006000 08:01 659847                     /usr/lib/jvm/java-7-openjdk-amd64/jre/lib/amd64/headless/libmawt.so
7f4bfb2a1000-7f4bfb2a2000 rw-p 00007000 08:01 659847                     /usr/lib/jvm/java-7-openjdk-amd64/jre/lib/amd64/headless/libmawt.so
7f4bfb2a2000-7f4bfb342000 r-xp 00000000 08:01 658185                     /usr/lib/jvm/java-7-openjdk-amd64/jre/lib/amd64/libawt.so
7f4bfb342000-7f4bfb542000 ---p 000a0000 08:01 658185                     /usr/lib/jvm/java-7-openjdk-amd64/jre/lib/amd64/libawt.so
7f4bfb542000-7f4bfb543000 r--p 000a0000 08:01 658185                     /usr/lib/jvm/java-7-openjdk-amd64/jre/lib/amd64/libawt.so
7f4bfb543000-7f4bfb54e000 rw-p 000a1000 08:01 658185                     /usr/lib/jvm/java-7-openjdk-amd64/jre/lib/amd64/libawt.so
7f4bfb54e000-7f4bfb573000 rw-p 00000000 00:00 0 
7f4bfb573000-7f4bfb57b000 r-xp 00000000 08:01 659845                     /usr/lib/jvm/java-7-openjdk-amd64/jre/lib/amd64/libmanagement.so
7f4bfb57b000-7f4bfb77a000 ---p 00008000 08:01 659845                     /usr/lib/jvm/java-7-openjdk-amd64/jre/lib/amd64/libmanagement.so
7f4bfb77a000-7f4bfb77b000 r--p 00007000 08:01 659845                     /usr/lib/jvm/java-7-openjdk-amd64/jre/lib/amd64/libmanagement.so
7f4bfb77b000-7f4bfb77c000 rw-p 00008000 08:01 659845                     /usr/lib/jvm/java-7-openjdk-amd64/jre/lib/amd64/libmanagement.so
7f4bfb77c000-7f4bfb7b9000 r-xp 00000000 08:01 2229243                    /lib/x86_64-linux-gnu/libpcre.so.3.13.1
7f4bfb7b9000-7f4bfb9b8000 ---p 0003d000 08:01 2229243                    /lib/x86_64-linux-gnu/libpcre.so.3.13.1
7f4bfb9b8000-7f4bfb9b9000 r--p 0003c000 08:01 2229243                    /lib/x86_64-linux-gnu/libpcre.so.3.13.1
7f4bfb9b9000-7f4bfb9ba000 rw-p 0003d000 08:01 2229243                    /lib/x86_64-linux-gnu/libpcre.so.3.13.1
7f4bfb9ba000-7f4bfb9c1000 r-xp 00000000 08:01 533763                     /usr/lib/x86_64-linux-gnu/libffi.so.6.0.1
7f4bfb9c1000-7f4bfbbc0000 ---p 00007000 08:01 533763                     /usr/lib/x86_64-linux-gnu/libffi.so.6.0.1
7f4bfbbc0000-7f4bfbbc1000 r--p 00006000 08:01 533763                     /usr/lib/x86_64-linux-gnu/libffi.so.6.0.1
7f4bfbbc1000-7f4bfbbc2000 rw-p 00007000 08:01 533763                     /usr/lib/x86_64-linux-gnu/libffi.so.6.0.1
7f4bfbbc2000-7f4bfbbd9000 r-xp 00000000 08:01 2228253                    /lib/x86_64-linux-gnu/libresolv-2.19.so
7f4bfbbd9000-7f4bfbdd9000 ---p 00017000 08:01 2228253                    /lib/x86_64-linux-gnu/libresolv-2.19.so
7f4bfbdd9000-7f4bfbdda000 r--p 00017000 08:01 2228253                    /lib/x86_64-linux-gnu/libresolv-2.19.so
7f4bfbdda000-7f4bfbddb000 rw-p 00018000 08:01 2228253                    /lib/x86_64-linux-gnu/libresolv-2.19.so
7f4bfbddb000-7f4bfbddd000 rw-p 00000000 00:00 0 
7f4bfbddd000-7f4bfbdfd000 r-xp 00000000 08:01 2232744                    /lib/x86_64-linux-gnu/libselinux.so.1
7f4bfbdfd000-7f4bfbffc000 ---p 00020000 08:01 2232744                    /lib/x86_64-linux-gnu/libselinux.so.1
7f4bfbffc000-7f4bfbffd000 r--p 0001f000 08:01 2232744                    /lib/x86_64-linux-gnu/libselinux.so.1
7f4bfbffd000-7f4bfbffe000 rw-p 00020000 08:01 2232744                    /lib/x86_64-linux-gnu/libselinux.so.1
7f4bfbffe000-7f4bfc000000 rw-p 00000000 00:00 0 
7f4bfc000000-7f4bfc021000 rw-p 00000000 00:00 0 
7f4bfc021000-7f4c00000000 ---p 00000000 00:00 0 
7f4c00000000-7f4c0040f000 rw-p 00000000 00:00 0 
7f4c0040f000-7f4c04000000 ---p 00000000 00:00 0 
7f4c04000000-7f4c05278000 rw-p 00000000 00:00 0 
7f4c05278000-7f4c08000000 ---p 00000000 00:00 0 
7f4c08000000-7f4c08021000 rw-p 00000000 00:00 0 
7f4c08021000-7f4c0c000000 ---p 00000000 00:00 0 
7f4c0c000000-7f4c0c021000 rw-p 00000000 00:00 0 
7f4c0c021000-7f4c10000000 ---p 00000000 00:00 0 
7f4c10000000-7f4c11156000 rw-p 00000000 00:00 0 
7f4c11156000-7f4c14000000 ---p 00000000 00:00 0 
7f4c14000000-7f4c14021000 rw-p 00000000 00:00 0 
7f4c14021000-7f4c18000000 ---p 00000000 00:00 0 
7f4c18000000-7f4c18021000 rw-p 00000000 00:00 0 
7f4c18021000-7f4c1c000000 ---p 00000000 00:00 0 
7f4c1c000000-7f4c1c021000 rw-p 00000000 00:00 0 
7f4c1c021000-7f4c20000000 ---p 00000000 00:00 0 
7f4c20000000-7f4c20240000 rw-p 00000000 00:00 0 
7f4c20240000-7f4c24000000 ---p 00000000 00:00 0 
7f4c24000000-7f4c2403a000 rw-p 00000000 00:00 0 
7f4c2403a000-7f4c28000000 ---p 00000000 00:00 0 
7f4c2807b000-7f4c2807e000 ---p 00000000 00:00 0 
7f4c2807e000-7f4c2817c000 rw-p 00000000 00:00 0                          [stack:15619]
7f4c2817c000-7f4c2817f000 r-xp 00000000 08:01 533897                     /usr/lib/x86_64-linux-gnu/libgmodule-2.0.so.0.4002.0
7f4c2817f000-7f4c2837e000 ---p 00003000 08:01 533897                     /usr/lib/x86_64-linux-gnu/libgmodule-2.0.so.0.4002.0
7f4c2837e000-7f4c2837f000 r--p 00002000 08:01 533897                     /usr/lib/x86_64-linux-gnu/libgmodule-2.0.so.0.4002.0
7f4c2837f000-7f4c28380000 rw-p 00003000 08:01 533897                     /usr/lib/x86_64-linux-gnu/libgmodule-2.0.so.0.4002.0
7f4c28380000-7f4c28486000 r-xp 00000000 08:01 2232644                    /lib/x86_64-linux-gnu/libglib-2.0.so.0.4002.0
7f4c28486000-7f4c28685000 ---p 00106000 08:01 2232644                    /lib/x86_64-linux-gnu/libglib-2.0.so.0.4002.0
7f4c28685000-7f4c28686000 r--p 00105000 08:01 2232644                    /lib/x86_64-linux-gnu/libglib-2.0.so.0.4002.0
7f4c28686000-7f4c28687000 rw-p 00106000 08:01 2232644                    /lib/x86_64-linux-gnu/libglib-2.0.so.0.4002.0
7f4c28687000-7f4c28688000 rw-p 00000000 00:00 0 
7f4c28688000-7f4c286d7000 r-xp 00000000 08:01 533921                     /usr/lib/x86_64-linux-gnu/libgobject-2.0.so.0.4002.0
7f4c286d7000-7f4c288d7000 ---p 0004f000 08:01 533921                     /usr/lib/x86_64-linux-gnu/libgobject-2.0.so.0.4002.0
7f4c288d7000-7f4c288d8000 r--p 0004f000 08:01 533921                     /usr/lib/x86_64-linux-gnu/libgobject-2.0.so.0.4002.0
7f4c288d8000-7f4c288d9000 rw-p 00050000 08:01 533921                     /usr/lib/x86_64-linux-gnu/libgobject-2.0.so.0.4002.0
7f4c288d9000-7f4c28a45000 r-xp 00000000 08:01 533881                     /usr/lib/x86_64-linux-gnu/libgio-2.0.so.0.4002.0
7f4c28a45000-7f4c28c44000 ---p 0016c000 08:01 533881                     /usr/lib/x86_64-linux-gnu/libgio-2.0.so.0.4002.0
7f4c28c44000-7f4c28c48000 r--p 0016b000 08:01 533881                     /usr/lib/x86_64-linux-gnu/libgio-2.0.so.0.4002.0
7f4c28c48000-7f4c28c4a000 rw-p 0016f000 08:01 533881                     /usr/lib/x86_64-linux-gnu/libgio-2.0.so.0.4002.0
7f4c28c4a000-7f4c28c4c000 rw-p 00000000 00:00 0 
7f4c28c5b000-7f4c28c5c000 rw-p 00000000 00:00 0 
7f4c28c5c000-7f4c28c66000 r--s 000ae000 08:01 656671                     /usr/lib/jvm/java-7-openjdk-amd64/jre/lib/resources.jar
7f4c28c66000-7f4c28c6b000 r--s 0004d000 08:01 656758                     /usr/lib/jvm/java-7-openjdk-amd64/jre/lib/jsse.jar
7f4c28c6b000-7f4c28c82000 r-xp 00000000 08:01 659855                     /usr/lib/jvm/java-7-openjdk-amd64/jre/lib/amd64/libnet.so
7f4c28c82000-7f4c28e81000 ---p 00017000 08:01 659855                     /usr/lib/jvm/java-7-openjdk-amd64/jre/lib/amd64/libnet.so
7f4c28e81000-7f4c28e82000 r--p 00016000 08:01 659855                     /usr/lib/jvm/java-7-openjdk-amd64/jre/lib/amd64/libnet.so
7f4c28e82000-7f4c28e83000 rw-p 00017000 08:01 659855                     /usr/lib/jvm/java-7-openjdk-amd64/jre/lib/amd64/libnet.so
7f4c28e83000-7f4c28e93000 r-xp 00000000 08:01 659865                     /usr/lib/jvm/java-7-openjdk-amd64/jre/lib/amd64/libnio.so
7f4c28e93000-7f4c29093000 ---p 00010000 08:01 659865                     /usr/lib/jvm/java-7-openjdk-amd64/jre/lib/amd64/libnio.so
7f4c29093000-7f4c29094000 r--p 00010000 08:01 659865                     /usr/lib/jvm/java-7-openjdk-amd64/jre/lib/amd64/libnio.so
7f4c29094000-7f4c29095000 rw-p 00011000 08:01 659865                     /usr/lib/jvm/java-7-openjdk-amd64/jre/lib/amd64/libnio.so
7f4c29095000-7f4c29098000 ---p 00000000 00:00 0 
7f4c29098000-7f4c29196000 rw-p 00000000 00:00 0                          [stack:15614]
7f4c29196000-7f4c29199000 r--s 00007000 00:19 62                         /vagrant/dependencies/jcsv/jcsv-1.4.0.jar
7f4c29199000-7f4c2919a000 r--s 00003000 00:19 60                         /vagrant/dependencies/cloudStorage/transaction-api-1.1.jar
7f4c2919a000-7f4c2919c000 r--s 00018000 00:19 59                         /vagrant/dependencies/cloudStorage/servlet-api-2.5.jar
7f4c2919c000-7f4c2919f000 r--s 00006000 00:19 58                         /vagrant/dependencies/cloudStorage/jsr305-1.3.9.jar
7f4c2919f000-7f4c291ae000 r--s 0007f000 00:19 57                         /vagrant/dependencies/cloudStorage/joda-time-2.3.jar
7f4c291ae000-7f4c291b4000 r--s 0002a000 00:19 56                         /vagrant/dependencies/cloudStorage/jdo2-api-2.3-eb.jar
7f4c291b4000-7f4c291b8000 r--s 0002f000 00:19 55                         /vagrant/dependencies/cloudStorage/jackson-core-2.1.3.jar
7f4c291b8000-7f4c291bd000 r--s 00026000 00:19 54                         /vagrant/dependencies/cloudStorage/httpcore-4.0.1.jar
7f4c291bd000-7f4c291c5000 r--s 00040000 00:19 53                         /vagrant/dependencies/cloudStorage/httpclient-4.0.1.jar
7f4c291c5000-7f4c291f2000 r--s 00208000 00:19 52                         /vagrant/dependencies/cloudStorage/guava-19.0-rc2.jar
7f4c291f2000-7f4c291f4000 r--s 00004000 00:19 51                         /vagrant/dependencies/cloudStorage/google-oauth-client-servlet-1.20.0.jar
7f4c291f4000-7f4c291f5000 r--s 00001000 00:19 50                         /vagrant/dependencies/cloudStorage/google-oauth-client-appengine-1.20.0.jar
7f4c291f5000-7f4c291f7000 r--s 0000d000 00:19 49                         /vagrant/dependencies/cloudStorage/google-oauth-client-1.20.0.jar
7f4c291f7000-7f4c291f8000 r--s 00002000 00:19 48                         /vagrant/dependencies/cloudStorage/google-http-client-jdo-1.20.0.jar
7f4c291f8000-7f4c291f9000 r--s 00001000 00:19 47                         /vagrant/dependencies/cloudStorage/google-http-client-jackson2-1.20.0.jar
7f4c291f9000-7f4c291fa000 r--s 00003000 00:19 46                         /vagrant/dependencies/cloudStorage/google-http-client-appengine-1.20.0.jar
7f4c291fa000-7f4c29200000 r--s 00040000 00:19 45                         /vagrant/dependencies/cloudStorage/google-http-client-1.20.0.jar
7f4c29200000-7f4c29204000 r--s 00014000 00:19 44                         /vagrant/dependencies/cloudStorage/google-api-services-storage-v1-rev15-1.19.0.jar
7f4c29204000-7f4c29205000 r--s 00001000 00:19 43                         /vagrant/dependencies/cloudStorage/google-api-client-servlet-1.20.0.jar
7f4c29205000-7f4c29207000 r--s 00001000 00:19 42                         /vagrant/dependencies/cloudStorage/google-api-client-appengine-1.20.0.jar
7f4c29207000-7f4c2920c000 r--s 0002b000 00:19 41                         /vagrant/dependencies/cloudStorage/google-api-client-1.20.0.jar
7f4c2920c000-7f4c2920e000 r--s 0000d000 00:19 40                         /vagrant/dependencies/cloudStorage/commons-logging-1.1.1.jar
7f4c2920e000-7f4c29214000 r--s 00033000 00:19 39                         /vagrant/dependencies/cloudStorage/commons-codec-1.6.jar
7f4c29214000-7f4c29218000 r--s 00029000 00:19 38                         /vagrant/dependencies/cloudStorage/appengine-gcs-client.jar
7f4c29218000-7f4c29221000 r--s 0006e000 00:19 36                         /vagrant/dependencies/hibernate/jpa/hibernate-entitymanager-4.2.21.Final.jar
7f4c29221000-7f4c29223000 r--s 00005000 00:19 34                         /vagrant/dependencies/hibernate/required/jboss-transaction-api_1.1_spec-1.0.1.Final.jar
7f4c29223000-7f4c29225000 r--s 0000d000 00:19 33                         /vagrant/dependencies/hibernate/required/jboss-logging-3.1.0.GA.jar
7f4c29225000-7f4c2922f000 r--s 000a5000 00:19 32                         /vagrant/dependencies/hibernate/required/javassist-3.18.1-GA.jar
7f4c2922f000-7f4c29234000 r--s 00015000 00:19 31                         /vagrant/dependencies/hibernate/required/hibernate-jpa-2.0-api-1.0.1.Final.jar
7f4c29234000-7f4c29285000 r--s 0042b000 00:19 30                         /vagrant/dependencies/hibernate/required/hibernate-core-4.2.21.Final.jar
7f4c29285000-7f4c29288000 r--s 00011000 00:19 29                         /vagrant/dependencies/hibernate/required/hibernate-commons-annotations-4.0.2.Final.jar
7f4c29288000-7f4c2928d000 r--s 00048000 00:19 28                         /vagrant/dependencies/hibernate/required/dom4j-1.6.1.jar
7f4c2928d000-7f4c29292000 r--s 00068000 00:19 27                         /vagrant/dependencies/hibernate/required/antlr-2.7.7.jar
7f4c29292000-7f4c29296000 r--s 0000c000 00:19 24                         /vagrant/dependencies/validation-api-1.1.0.Final.jar
7f4c29296000-7f4c2929f000 r--s 000e8000 00:19 23                         /vagrant/dependencies/mysql-connector-java-5.1.37-bin.jar
7f4c2929f000-7f4c292c5000 rw-p 00000000 00:00 0 
7f4c292c5000-7f4c293ee000 r--s 00ee7000 08:01 2234157                    /home/vagrant/Dev/appengine-java-sdk-1.9.27/lib/user/appengine-api-1.0-sdk-1.9.27.jar
7f4c293ee000-7f4c293ef000 r--s 00001000 08:01 2234132                    /home/vagrant/Dev/appengine-java-sdk-1.9.27/lib/opt/user/jsr107/v1/jsr107cache-1.1.jar
7f4c293ef000-7f4c293f0000 r--s 00001000 08:01 2234131                    /home/vagrant/Dev/appengine-java-sdk-1.9.27/lib/opt/user/jsr107/v1/appengine-jsr107cache-1.9.27.jar
7f4c293f0000-7f4c293f2000 r--s 00003000 08:01 2234115                    /home/vagrant/Dev/appengine-java-sdk-1.9.27/lib/opt/user/appengine-endpoints/v1/appengine-endpoints-deps.jar
7f4c293f2000-7f4c29420000 r--s 001c3000 08:01 2234116                    /home/vagrant/Dev/appengine-java-sdk-1.9.27/lib/opt/user/appengine-endpoints/v1/appengine-endpoints.jar
7f4c29420000-7f4c2944f000 r--s 00515000 08:01 2234114                    /home/vagrant/Dev/appengine-java-sdk-1.9.27/lib/opt/user/appengine-api-labs/v1/appengine-api-labs.jar
7f4c2944f000-7f4c294f8000 r--s 0078b000 08:01 2117307                    /home/vagrant/Dev/appengine-java-sdk-1.9.27/lib/appengine-tools-api.jar
7f4c294f8000-7f4c294fc000 r--s 00038000 08:01 2234135                    /home/vagrant/Dev/appengine-java-sdk-1.9.27/lib/shared/appengine-local-runtime-shared.jar
7f4c294fc000-7f4c29503000 r--s 0007a000 08:01 2234141                    /home/vagrant/Dev/appengine-java-sdk-1.9.27/lib/shared/jsp/repackaged-appengine-jasper-6.0.29.jar
7f4c29503000-7f4c29504000 r--s 00006000 08:01 2234143                    /home/vagrant/Dev/appengine-java-sdk-1.9.27/lib/shared/jsp/repackaged-appengine-tomcat-juli-6.0.29.jar
7f4c29504000-7f4c29518000 r--s 0012b000 08:01 2234139                    /home/vagrant/Dev/appengine-java-sdk-1.9.27/lib/shared/jsp/repackaged-appengine-ant-1.7.1.jar
7f4c29518000-7f4c2951b000 r--s 00018000 08:01 2234142                    /home/vagrant/Dev/appengine-java-sdk-1.9.27/lib/shared/jsp/repackaged-appengine-jasper-el-6.0.29.jar
7f4c2951b000-7f4c2951d000 r--s 00006000 08:01 2234136                    /home/vagrant/Dev/appengine-java-sdk-1.9.27/lib/shared/el-api.jar
7f4c2951d000-7f4c2951f000 r--s 00014000 08:01 2234144                    /home/vagrant/Dev/appengine-java-sdk-1.9.27/lib/shared/servlet-api.jar
7f4c2951f000-7f4c29538000 r--s 000af000 00:19 22                         /vagrant/dependencies/gwtbootstrap3-extras-0.9.1.jar
7f4c29538000-7f4c29547000 r--s 00079000 00:19 21                         /vagrant/dependencies/gwt-charts-0.9.10.jar
7f4c29547000-7f4c2955a000 r--s 00140000 00:19 20                         /vagrant/dependencies/gwtbootstrap3-0.9.1.jar
7f4c2955a000-7f4c29562000 r--s 00045000 08:01 2361620                    /home/vagrant/Dev/eclipse/plugins/org.junit_4.12.0.v201504281640/junit.jar
7f4c29562000-7f4c29565000 ---p 00000000 00:00 0 
7f4c29565000-7f4c296b4000 rw-p 00000000 00:00 0                          [stack:15615]
7f4c296b4000-7f4c298b7000 r--s 022ba000 08:01 1970154                    /home/vagrant/Dev/gwt-2.7.0/gwt-dev.jar
7f4c298b7000-7f4c298e5000 rw-p 00000000 00:00 0 
7f4c298e5000-7f4c29a15000 r--s 01d5b000 08:01 1970155                    /home/vagrant/Dev/gwt-2.7.0/gwt-user.jar
7f4c29a15000-7f4c29a16000 ---p 00000000 00:00 0 
7f4c29a16000-7f4c29b16000 rw-p 00000000 00:00 0                          [stack:15612]
7f4c29b16000-7f4c29b19000 ---p 00000000 00:00 0 
7f4c29b19000-7f4c29c17000 rw-p 00000000 00:00 0                          [stack:15611]
7f4c29c17000-7f4c29c1a000 ---p 00000000 00:00 0 
7f4c29c1a000-7f4c29d18000 rw-p 00000000 00:00 0                          [stack:15610]
7f4c29d18000-7f4c29d1b000 ---p 00000000 00:00 0 
7f4c29d1b000-7f4c29e19000 rw-p 00000000 00:00 0                          [stack:15609]
7f4c29e19000-7f4c29e1c000 ---p 00000000 00:00 0 
7f4c29e1c000-7f4c29f1a000 rw-p 00000000 00:00 0                          [stack:15608]
7f4c29f1a000-7f4c2a359000 r--p 00000000 08:01 531731                     /usr/lib/locale/locale-archive
7f4c2a359000-7f4c2a35c000 ---p 00000000 00:00 0 
7f4c2a35c000-7f4c2a45a000 rw-p 00000000 00:00 0                          [stack:15607]
7f4c2a45a000-7f4c2a45d000 ---p 00000000 00:00 0 
7f4c2a45d000-7f4c2a55b000 rw-p 00000000 00:00 0                          [stack:15606]
7f4c2a55b000-7f4c2a55c000 ---p 00000000 00:00 0 
7f4c2a55c000-7f4c2b011000 rw-p 00000000 00:00 0                          [stack:15605]
7f4c2b011000-7f4c2b1c2000 r--s 01d29000 08:01 656422                     /usr/lib/jvm/java-7-openjdk-amd64/jre/lib/rt.jar
7f4c2b1c2000-7f4c2c93e000 rw-p 00000000 00:00 0 
7f4c2c93e000-7f4c2c93f000 ---p 00000000 00:00 0 
7f4c2c93f000-7f4c2ca3f000 rw-p 00000000 00:00 0                          [stack:15604]
7f4c2ca3f000-7f4c2ca40000 ---p 00000000 00:00 0 
7f4c2ca40000-7f4c2cb82000 rw-p 00000000 00:00 0                          [stack:15603]
7f4c2cb82000-7f4c2cbeb000 rw-p 00000000 00:00 0 
7f4c2cbeb000-7f4c2cfcb000 rwxp 00000000 00:00 0 
7f4c2cfcb000-7f4c2fbeb000 rw-p 00000000 00:00 0 
7f4c2fbeb000-7f4c2fbf3000 r-xp 00000000 08:01 658172                     /usr/lib/jvm/java-7-openjdk-amd64/jre/lib/amd64/libzip.so
7f4c2fbf3000-7f4c2fdf2000 ---p 00008000 08:01 658172                     /usr/lib/jvm/java-7-openjdk-amd64/jre/lib/amd64/libzip.so
7f4c2fdf2000-7f4c2fdf3000 r--p 00007000 08:01 658172                     /usr/lib/jvm/java-7-openjdk-amd64/jre/lib/amd64/libzip.so
7f4c2fdf3000-7f4c2fdf4000 rw-p 00008000 08:01 658172                     /usr/lib/jvm/java-7-openjdk-amd64/jre/lib/amd64/libzip.so
7f4c2fdf4000-7f4c2fdff000 r-xp 00000000 08:01 2229214                    /lib/x86_64-linux-gnu/libnss_files-2.19.so
7f4c2fdff000-7f4c2fffe000 ---p 0000b000 08:01 2229214                    /lib/x86_64-linux-gnu/libnss_files-2.19.so
7f4c2fffe000-7f4c2ffff000 r--p 0000a000 08:01 2229214                    /lib/x86_64-linux-gnu/libnss_files-2.19.so
7f4c2ffff000-7f4c30000000 rw-p 0000b000 08:01 2229214                    /lib/x86_64-linux-gnu/libnss_files-2.19.so
7f4c30000000-7f4c305d6000 rw-p 00000000 00:00 0 
7f4c305d6000-7f4c34000000 ---p 00000000 00:00 0 
7f4c34000000-7f4c34001000 r--s 00002000 08:01 2234140                    /home/vagrant/Dev/appengine-java-sdk-1.9.27/lib/shared/jsp/repackaged-appengine-ant-launcher-1.7.1.jar
7f4c34001000-7f4c34003000 r--s 00011000 08:01 2234137                    /home/vagrant/Dev/appengine-java-sdk-1.9.27/lib/shared/jsp-api.jar
7f4c34003000-7f4c3400f000 rw-p 00000000 00:00 0 
7f4c3400f000-7f4c34056000 rw-p 00000000 00:00 0 
7f4c34056000-7f4c34062000 rw-p 00000000 00:00 0 
7f4c34062000-7f4c340a9000 rw-p 00000000 00:00 0 
7f4c340a9000-7f4c340eb000 rw-p 00000000 00:00 0 
7f4c340eb000-7f4c34153000 rw-p 00000000 00:00 0 
7f4c34153000-7f4c341a9000 rw-p 00000000 00:00 0 
7f4c341a9000-7f4c341aa000 rw-p 00000000 00:00 0 
7f4c341aa000-7f4c341b5000 r-xp 00000000 08:01 2229278                    /lib/x86_64-linux-gnu/libnss_nis-2.19.so
7f4c341b5000-7f4c343b4000 ---p 0000b000 08:01 2229278                    /lib/x86_64-linux-gnu/libnss_nis-2.19.so
7f4c343b4000-7f4c343b5000 r--p 0000a000 08:01 2229278                    /lib/x86_64-linux-gnu/libnss_nis-2.19.so
7f4c343b5000-7f4c343b6000 rw-p 0000b000 08:01 2229278                    /lib/x86_64-linux-gnu/libnss_nis-2.19.so
7f4c343b6000-7f4c343cd000 r-xp 00000000 08:01 2229236                    /lib/x86_64-linux-gnu/libnsl-2.19.so
7f4c343cd000-7f4c345cc000 ---p 00017000 08:01 2229236                    /lib/x86_64-linux-gnu/libnsl-2.19.so
7f4c345cc000-7f4c345cd000 r--p 00016000 08:01 2229236                    /lib/x86_64-linux-gnu/libnsl-2.19.so
7f4c345cd000-7f4c345ce000 rw-p 00017000 08:01 2229236                    /lib/x86_64-linux-gnu/libnsl-2.19.so
7f4c345ce000-7f4c345d0000 rw-p 00000000 00:00 0 
7f4c345d0000-7f4c345d9000 r-xp 00000000 08:01 2229235                    /lib/x86_64-linux-gnu/libnss_compat-2.19.so
7f4c345d9000-7f4c347d8000 ---p 00009000 08:01 2229235                    /lib/x86_64-linux-gnu/libnss_compat-2.19.so
7f4c347d8000-7f4c347d9000 r--p 00008000 08:01 2229235                    /lib/x86_64-linux-gnu/libnss_compat-2.19.so
7f4c347d9000-7f4c347da000 rw-p 00009000 08:01 2229235                    /lib/x86_64-linux-gnu/libnss_compat-2.19.so
7f4c347da000-7f4c34805000 r-xp 00000000 08:01 659871                     /usr/lib/jvm/java-7-openjdk-amd64/jre/lib/amd64/libjava.so
7f4c34805000-7f4c34a04000 ---p 0002b000 08:01 659871                     /usr/lib/jvm/java-7-openjdk-amd64/jre/lib/amd64/libjava.so
7f4c34a04000-7f4c34a05000 r--p 0002a000 08:01 659871                     /usr/lib/jvm/java-7-openjdk-amd64/jre/lib/amd64/libjava.so
7f4c34a05000-7f4c34a07000 rw-p 0002b000 08:01 659871                     /usr/lib/jvm/java-7-openjdk-amd64/jre/lib/amd64/libjava.so
7f4c34a07000-7f4c34a17000 r-xp 00000000 08:01 658231                     /usr/lib/jvm/java-7-openjdk-amd64/jre/lib/amd64/libverify.so
7f4c34a17000-7f4c34c16000 ---p 00010000 08:01 658231                     /usr/lib/jvm/java-7-openjdk-amd64/jre/lib/amd64/libverify.so
7f4c34c16000-7f4c34c18000 r--p 0000f000 08:01 658231                     /usr/lib/jvm/java-7-openjdk-amd64/jre/lib/amd64/libverify.so
7f4c34c18000-7f4c34c19000 rw-p 00011000 08:01 658231                     /usr/lib/jvm/java-7-openjdk-amd64/jre/lib/amd64/libverify.so
7f4c34c19000-7f4c34c20000 r-xp 00000000 08:01 2229275                    /lib/x86_64-linux-gnu/librt-2.19.so
7f4c34c20000-7f4c34e1f000 ---p 00007000 08:01 2229275                    /lib/x86_64-linux-gnu/librt-2.19.so
7f4c34e1f000-7f4c34e20000 r--p 00006000 08:01 2229275                    /lib/x86_64-linux-gnu/librt-2.19.so
7f4c34e20000-7f4c34e21000 rw-p 00007000 08:01 2229275                    /lib/x86_64-linux-gnu/librt-2.19.so
7f4c34e21000-7f4c34e37000 r-xp 00000000 08:01 2232640                    /lib/x86_64-linux-gnu/libgcc_s.so.1
7f4c34e37000-7f4c35036000 ---p 00016000 08:01 2232640                    /lib/x86_64-linux-gnu/libgcc_s.so.1
7f4c35036000-7f4c35037000 rw-p 00015000 08:01 2232640                    /lib/x86_64-linux-gnu/libgcc_s.so.1
7f4c35037000-7f4c3513c000 r-xp 00000000 08:01 2229213                    /lib/x86_64-linux-gnu/libm-2.19.so
7f4c3513c000-7f4c3533b000 ---p 00105000 08:01 2229213                    /lib/x86_64-linux-gnu/libm-2.19.so
7f4c3533b000-7f4c3533c000 r--p 00104000 08:01 2229213                    /lib/x86_64-linux-gnu/libm-2.19.so
7f4c3533c000-7f4c3533d000 rw-p 00105000 08:01 2229213                    /lib/x86_64-linux-gnu/libm-2.19.so
7f4c3533d000-7f4c35423000 r-xp 00000000 08:01 529716                     /usr/lib/x86_64-linux-gnu/libstdc++.so.6.0.19
7f4c35423000-7f4c35622000 ---p 000e6000 08:01 529716                     /usr/lib/x86_64-linux-gnu/libstdc++.so.6.0.19
7f4c35622000-7f4c3562a000 r--p 000e5000 08:01 529716                     /usr/lib/x86_64-linux-gnu/libstdc++.so.6.0.19
7f4c3562a000-7f4c3562c000 rw-p 000ed000 08:01 529716                     /usr/lib/x86_64-linux-gnu/libstdc++.so.6.0.19
7f4c3562c000-7f4c35641000 rw-p 00000000 00:00 0 
7f4c35641000-7f4c3615a000 r-xp 00000000 08:01 658176                     /usr/lib/jvm/java-7-openjdk-amd64/jre/lib/amd64/server/libjvm.so
7f4c3615a000-7f4c3635a000 ---p 00b19000 08:01 658176                     /usr/lib/jvm/java-7-openjdk-amd64/jre/lib/amd64/server/libjvm.so
7f4c3635a000-7f4c363f4000 r--p 00b19000 08:01 658176                     /usr/lib/jvm/java-7-openjdk-amd64/jre/lib/amd64/server/libjvm.so
7f4c363f4000-7f4c36417000 rw-p 00bb3000 08:01 658176                     /usr/lib/jvm/java-7-openjdk-amd64/jre/lib/amd64/server/libjvm.so
7f4c36417000-7f4c36445000 rw-p 00000000 00:00 0 
7f4c36445000-7f4c3645d000 r-xp 00000000 08:01 2232777                    /lib/x86_64-linux-gnu/libz.so.1.2.8
7f4c3645d000-7f4c3665c000 ---p 00018000 08:01 2232777                    /lib/x86_64-linux-gnu/libz.so.1.2.8
7f4c3665c000-7f4c3665d000 r--p 00017000 08:01 2232777                    /lib/x86_64-linux-gnu/libz.so.1.2.8
7f4c3665d000-7f4c3665e000 rw-p 00018000 08:01 2232777                    /lib/x86_64-linux-gnu/libz.so.1.2.8
7f4c3665e000-7f4c36677000 r-xp 00000000 08:01 2229265                    /lib/x86_64-linux-gnu/libpthread-2.19.so
7f4c36677000-7f4c36876000 ---p 00019000 08:01 2229265                    /lib/x86_64-linux-gnu/libpthread-2.19.so
7f4c36876000-7f4c36877000 r--p 00018000 08:01 2229265                    /lib/x86_64-linux-gnu/libpthread-2.19.so
7f4c36877000-7f4c36878000 rw-p 00019000 08:01 2229265                    /lib/x86_64-linux-gnu/libpthread-2.19.so
7f4c36878000-7f4c3687c000 rw-p 00000000 00:00 0 
7f4c3687c000-7f4c3687f000 r-xp 00000000 08:01 2229217                    /lib/x86_64-linux-gnu/libdl-2.19.so
7f4c3687f000-7f4c36a7e000 ---p 00003000 08:01 2229217                    /lib/x86_64-linux-gnu/libdl-2.19.so
7f4c36a7e000-7f4c36a7f000 r--p 00002000 08:01 2229217                    /lib/x86_64-linux-gnu/libdl-2.19.so
7f4c36a7f000-7f4c36a80000 rw-p 00003000 08:01 2229217                    /lib/x86_64-linux-gnu/libdl-2.19.so
7f4c36a80000-7f4c36c3b000 r-xp 00000000 08:01 2229264                    /lib/x86_64-linux-gnu/libc-2.19.so
7f4c36c3b000-7f4c36e3a000 ---p 001bb000 08:01 2229264                    /lib/x86_64-linux-gnu/libc-2.19.so
7f4c36e3a000-7f4c36e3e000 r--p 001ba000 08:01 2229264                    /lib/x86_64-linux-gnu/libc-2.19.so
7f4c36e3e000-7f4c36e40000 rw-p 001be000 08:01 2229264                    /lib/x86_64-linux-gnu/libc-2.19.so
7f4c36e40000-7f4c36e45000 rw-p 00000000 00:00 0 
7f4c36e45000-7f4c36e52000 r-xp 00000000 08:01 658174                     /usr/lib/jvm/java-7-openjdk-amd64/jre/lib/amd64/jli/libjli.so
7f4c36e52000-7f4c37051000 ---p 0000d000 08:01 658174                     /usr/lib/jvm/java-7-openjdk-amd64/jre/lib/amd64/jli/libjli.so
7f4c37051000-7f4c37052000 r--p 0000c000 08:01 658174                     /usr/lib/jvm/java-7-openjdk-amd64/jre/lib/amd64/jli/libjli.so
7f4c37052000-7f4c37053000 rw-p 0000d000 08:01 658174                     /usr/lib/jvm/java-7-openjdk-amd64/jre/lib/amd64/jli/libjli.so
7f4c37053000-7f4c37076000 r-xp 00000000 08:01 2229240                    /lib/x86_64-linux-gnu/ld-2.19.so
7f4c37076000-7f4c37078000 r--s 0000c000 08:01 2361817                    /home/vagrant/Dev/eclipse/plugins/org.hamcrest.core_1.3.0.v201303031735.jar
7f4c37078000-7f4c3707b000 r--s 00009000 08:01 1970178                    /home/vagrant/Dev/gwt-2.7.0/validation-api-1.0.0.GA.jar
7f4c3707b000-7f4c3707d000 r--s 0000e000 08:01 1970179                    /home/vagrant/Dev/gwt-2.7.0/validation-api-1.0.0.GA-sources.jar
7f4c3707d000-7f4c37081000 r--s 0002d000 08:01 1970165                    /home/vagrant/Dev/gwt-2.7.0/gwt-codeserver.jar
7f4c37081000-7f4c37085000 r--s 00034000 08:01 657032                     /usr/lib/jvm/java-7-openjdk-amd64/jre/lib/ext/sunjce_provider.jar
7f4c37085000-7f4c37089000 r--s 00085000 08:01 657026                     /usr/lib/jvm/java-7-openjdk-amd64/jre/lib/ext/localedata.jar
7f4c37089000-7f4c3708b000 r--s 00012000 08:01 657040                     /usr/lib/jvm/java-7-openjdk-amd64/jre/lib/ext/zipfs.jar
7f4c3708b000-7f4c3708d000 r--s 00006000 08:01 1056384                    /usr/share/java/java-atk-wrapper.jar
7f4c3708d000-7f4c3708e000 r--s 00002000 08:01 657030                     /usr/lib/jvm/java-7-openjdk-amd64/jre/lib/ext/dnsns.jar
7f4c3708e000-7f4c3709e000 rw-p 00000000 00:00 0 
7f4c3709e000-7f4c3714e000 rw-p 00000000 00:00 0 
7f4c3714e000-7f4c37151000 ---p 00000000 00:00 0 
7f4c37151000-7f4c37254000 rw-p 00000000 00:00 0                          [stack:15602]
7f4c37254000-7f4c37257000 r--s 0000f000 08:01 657038                     /usr/lib/jvm/java-7-openjdk-amd64/jre/lib/ext/icedtea-sound.jar
7f4c37257000-7f4c3725b000 r--s 0003c000 08:01 657036                     /usr/lib/jvm/java-7-openjdk-amd64/jre/lib/ext/sunpkcs11.jar
7f4c3725b000-7f4c37269000 rw-p 00000000 00:00 0 
7f4c37269000-7f4c37271000 rw-s 00000000 08:01 2237028                    /tmp/hsperfdata_vagrant/15599
7f4c37271000-7f4c37272000 rw-p 00000000 00:00 0 
7f4c37272000-7f4c37273000 ---p 00000000 00:00 0 
7f4c37273000-7f4c37275000 rw-p 00000000 00:00 0 
7f4c37275000-7f4c37276000 r--p 00022000 08:01 2229240                    /lib/x86_64-linux-gnu/ld-2.19.so
7f4c37276000-7f4c37277000 rw-p 00023000 08:01 2229240                    /lib/x86_64-linux-gnu/ld-2.19.so
7f4c37277000-7f4c37278000 rw-p 00000000 00:00 0 
7fff11cd9000-7fff11cfb000 rw-p 00000000 00:00 0                          [stack]
7fff11dfe000-7fff11e00000 r-xp 00000000 00:00 0                          [vdso]
ffffffffff600000-ffffffffff601000 r-xp 00000000 00:00 0                  [vsyscall]

VM Arguments:
jvm_args: -Xmx512m 
java_command: com.google.gwt.dev.Compiler -logLevel TRACE -style OBFUSCATED -war /vagrant/project/se7en/war ch.uzh.se.se7en.Se7en
Launcher Type: SUN_STANDARD

Environment Variables:
PATH=/usr/local/sbin:/usr/local/bin:/usr/sbin:/usr/bin:/sbin:/bin:/usr/games:/usr/local/games
USERNAME=vagrant
SHELL=/bin/bash
DISPLAY=:0.0

Signal Handlers:
SIGSEGV: [libjvm.so+0x94bab0], sa_mask[0]=0x7ffbfeff, sa_flags=0x10000004
SIGBUS: [libjvm.so+0x94bab0], sa_mask[0]=0x7ffbfeff, sa_flags=0x10000004
SIGFPE: [libjvm.so+0x7c38b0], sa_mask[0]=0x7ffbfeff, sa_flags=0x10000004
SIGPIPE: [libjvm.so+0x7c38b0], sa_mask[0]=0x7ffbfeff, sa_flags=0x10000004
SIGXFSZ: [libjvm.so+0x7c38b0], sa_mask[0]=0x7ffbfeff, sa_flags=0x10000004
SIGILL: [libjvm.so+0x7c38b0], sa_mask[0]=0x7ffbfeff, sa_flags=0x10000004
SIGUSR1: SIG_DFL, sa_mask[0]=0x00000000, sa_flags=0x00000000
SIGUSR2: [libjvm.so+0x7c3750], sa_mask[0]=0x00000004, sa_flags=0x10000004
SIGHUP: [libjvm.so+0x7c3930], sa_mask[0]=0x7ffbfeff, sa_flags=0x10000004
SIGINT: [libjvm.so+0x7c3930], sa_mask[0]=0x7ffbfeff, sa_flags=0x10000004
SIGTERM: [libjvm.so+0x7c3930], sa_mask[0]=0x7ffbfeff, sa_flags=0x10000004
SIGQUIT: [libjvm.so+0x7c3930], sa_mask[0]=0x7ffbfeff, sa_flags=0x10000004
SIGTRAP: SIG_DFL, sa_mask[0]=0x00000000, sa_flags=0x00000000


---------------  S Y S T E M  ---------------

OS:LinuxMint 17.2 (rafaela)
uname:Linux 3.13.0-37-generic #64-Ubuntu SMP Mon Sep 22 21:28:38 UTC 2014 x86_64
libc:glibc 2.19 NPTL 2.19 
rlimit: STACK 8192k, CORE 0k, NPROC 15455, NOFILE 4096, AS infinity
load average:1.15 0.96 0.73

/proc/meminfo:
MemTotal:        2000768 kB
MemFree:           57424 kB
Buffers:              64 kB
Cached:            28256 kB
SwapCached:            0 kB
Active:          1764584 kB
Inactive:          27144 kB
Active(anon):    1764372 kB
Inactive(anon):    15716 kB
Active(file):        212 kB
Inactive(file):    11428 kB
Unevictable:          16 kB
Mlocked:              16 kB
SwapTotal:             0 kB
SwapFree:              0 kB
Dirty:                 0 kB
Writeback:             0 kB
AnonPages:       1763440 kB
Mapped:            20060 kB
Shmem:             16664 kB
Slab:              31312 kB
SReclaimable:      13252 kB
SUnreclaim:        18060 kB
KernelStack:        3432 kB
PageTables:        21764 kB
NFS_Unstable:          0 kB
Bounce:                0 kB
WritebackTmp:          0 kB
CommitLimit:     1000384 kB
Committed_AS:    3539984 kB
VmallocTotal:   34359738367 kB
VmallocUsed:        9464 kB
VmallocChunk:   34359680339 kB
HardwareCorrupted:     0 kB
AnonHugePages:   1116160 kB
HugePages_Total:       0
HugePages_Free:        0
HugePages_Rsvd:        0
HugePages_Surp:        0
Hugepagesize:       2048 kB
DirectMap4k:       38848 kB
DirectMap2M:     2009088 kB


CPU:total 2 (2 cores per cpu, 1 threads per core) family 6 model 69 stepping 1, cmov, cx8, fxsr, mmx, sse, sse2, sse3, ssse3, sse4.1, sse4.2, popcnt, avx, aes, tsc, tscinvbit

/proc/cpuinfo:
processor	: 0
vendor_id	: GenuineIntel
cpu family	: 6
model		: 69
model name	: Intel(R) Core(TM) i7-4650U CPU @ 1.70GHz
stepping	: 1
microcode	: 0x19
cpu MHz		: 2300.076
cache size	: 4096 KB
physical id	: 0
siblings	: 2
core id		: 0
cpu cores	: 2
apicid		: 0
initial apicid	: 0
fpu		: yes
fpu_exception	: yes
cpuid level	: 13
wp		: yes
flags		: fpu vme de pse tsc msr pae mce cx8 apic sep mtrr pge mca cmov pat pse36 clflush mmx fxsr sse sse2 ht syscall nx rdtscp lm constant_tsc rep_good nopl xtopology nonstop_tsc pni pclmulqdq ssse3 cx16 sse4_1 sse4_2 movbe popcnt aes xsave avx rdrand lahf_lm abm
bogomips	: 4600.15
clflush size	: 64
cache_alignment	: 64
address sizes	: 39 bits physical, 48 bits virtual
power management:

processor	: 1
vendor_id	: GenuineIntel
cpu family	: 6
model		: 69
model name	: Intel(R) Core(TM) i7-4650U CPU @ 1.70GHz
stepping	: 1
microcode	: 0x19
cpu MHz		: 2300.076
cache size	: 4096 KB
physical id	: 0
siblings	: 2
core id		: 1
cpu cores	: 2
apicid		: 1
initial apicid	: 1
fpu		: yes
fpu_exception	: yes
cpuid level	: 13
wp		: yes
flags		: fpu vme de pse tsc msr pae mce cx8 apic sep mtrr pge mca cmov pat pse36 clflush mmx fxsr sse sse2 ht syscall nx rdtscp lm constant_tsc rep_good nopl xtopology nonstop_tsc pni pclmulqdq ssse3 cx16 sse4_1 sse4_2 movbe popcnt aes xsave avx rdrand lahf_lm abm
bogomips	: 4600.15
clflush size	: 64
cache_alignment	: 64
address sizes	: 39 bits physical, 48 bits virtual
power management:



Memory: 4k page, physical 2000768k(56308k free), swap 0k(0k free)

vm_info: OpenJDK 64-Bit Server VM (24.79-b02) for linux-amd64 JRE (1.7.0_79-b14), built on Jul 24 2015 08:15:54 by "buildd" with gcc 4.8.2

time: Sat Oct 31 13:10:27 2015
elapsed time: 29 seconds

