#
# There is insufficient memory for the Java Runtime Environment to continue.
# Native memory allocation (malloc) failed to allocate 21495808 bytes for committing reserved memory.
# Possible reasons:
#   The system is out of physical RAM or swap space
#   In 32 bit mode, the process size limit was hit
# Possible solutions:
#   Reduce memory load on the system
#   Increase physical memory or swap space
#   Check if swap backing store is full
#   Use 64 bit Java on a 64 bit OS
#   Decrease Java heap size (-Xmx/-Xms)
#   Decrease number of Java threads
#   Decrease Java thread stack sizes (-Xss)
#   Set larger code cache with -XX:ReservedCodeCacheSize=
# This output file may be truncated or incomplete.
#
#  Out of Memory Error (os_linux.cpp:2809), pid=15472, tid=140181213193984
#
# JRE version: OpenJDK Runtime Environment (7.0_79-b14) (build 1.7.0_79-b14)
# Java VM: OpenJDK 64-Bit Server VM (24.79-b02 mixed mode linux-amd64 compressed oops)
# Derivative: IcedTea 2.5.6
# Distribution: Ubuntu 14.04 LTS, package 7u79-2.5.6-0ubuntu1.14.04.1
# Failed to write core dump. Core dumps have been disabled. To enable core dumping, try "ulimit -c unlimited" before starting Java again
#

---------------  T H R E A D  ---------------

Current thread (0x00007f7e80073000):  VMThread [stack: 0x00007f7e7b5aa000,0x00007f7e7b6ab000] [id=15478]

Stack: [0x00007f7e7b5aa000,0x00007f7e7b6ab000],  sp=0x00007f7e7b6a9490,  free space=1021k
Native frames: (J=compiled Java code, j=interpreted, Vv=VM code, C=native code)
V  [libjvm.so+0x94afd5]  VMError::report_and_die()+0x175
V  [libjvm.so+0x48b9f4]  report_vm_out_of_memory(char const*, int, unsigned long, char const*)+0x74
V  [libjvm.so+0x7c809b]  os::pd_commit_memory(char*, unsigned long, unsigned long, bool)+0xeb
V  [libjvm.so+0x7c2b3f]  os::commit_memory(char*, unsigned long, unsigned long, bool)+0x1f
V  [libjvm.so+0x83503b]  PSVirtualSpace::expand_by(unsigned long)+0x5b
V  [libjvm.so+0x824d8b]  PSOldGen::expand_by(unsigned long) [clone .part.80]+0x1b
V  [libjvm.so+0x824f4b]  PSOldGen::expand(unsigned long) [clone .part.81]+0xdb
V  [libjvm.so+0x825e78]  PSOldGen::resize(unsigned long)+0x188
V  [libjvm.so+0x82cf44]  PSParallelCompact::invoke_no_policy(bool)+0x9c4
V  [libjvm.so+0x83317d]  PSScavenge::invoke()+0x17d
V  [libjvm.so+0x7e9723]  ParallelScavengeHeap::failed_mem_allocate(unsigned long)+0x63
V  [libjvm.so+0x94c9d4]  VM_ParallelGCFailedAllocation::doit()+0x84
V  [libjvm.so+0x950ed7]  VM_Operation::evaluate()+0x47
V  [libjvm.so+0x94f848]  VMThread::evaluate_operation(VM_Operation*)+0x318
V  [libjvm.so+0x94fca9]  VMThread::loop()+0x219
V  [libjvm.so+0x9500f2]  VMThread::run()+0x72
V  [libjvm.so+0x7c4f62]  java_start(Thread*)+0xf2

VM_Operation (0x00007f7e882a5d60): ParallelGCFailedAllocation, mode: safepoint, requested by thread 0x00007f7e8000c000


---------------  P R O C E S S  ---------------

Java Threads: ( => current thread )
  0x00007f7e804d3000 JavaThread "Java2D Disposer" daemon [_thread_blocked, id=15508, stack(0x00007f7e7806d000,0x00007f7e7816e000)]
  0x00007f7e8037f000 JavaThread "pool-2-thread-1" daemon [_thread_blocked, id=15491, stack(0x00007f7e78647000,0x00007f7e78748000)]
  0x00007f7e802b5800 JavaThread "pool-1-thread-1" [_thread_blocked, id=15488, stack(0x00007f7e7a5b1000,0x00007f7e7a6b2000)]
  0x00007f7e502bc000 JavaThread "Timer-0" daemon [_thread_blocked, id=15487, stack(0x00007f7e7a0ee000,0x00007f7e7a1ef000)]
  0x00007f7e800af000 JavaThread "Service Thread" daemon [_thread_blocked, id=15484, stack(0x00007f7e7ab65000,0x00007f7e7ac66000)]
  0x00007f7e800ac800 JavaThread "C2 CompilerThread1" daemon [_thread_blocked, id=15483, stack(0x00007f7e7ac66000,0x00007f7e7ad67000)]
  0x00007f7e800a9800 JavaThread "C2 CompilerThread0" daemon [_thread_blocked, id=15482, stack(0x00007f7e7ad67000,0x00007f7e7ae68000)]
  0x00007f7e800a7800 JavaThread "Signal Dispatcher" daemon [_thread_blocked, id=15481, stack(0x00007f7e7ae68000,0x00007f7e7af69000)]
  0x00007f7e80079800 JavaThread "Finalizer" daemon [_thread_blocked, id=15480, stack(0x00007f7e7b3a8000,0x00007f7e7b4a9000)]
  0x00007f7e80077800 JavaThread "Reference Handler" daemon [_thread_blocked, id=15479, stack(0x00007f7e7b4a9000,0x00007f7e7b5aa000)]
  0x00007f7e8000c000 JavaThread "main" [_thread_blocked, id=15475, stack(0x00007f7e881a7000,0x00007f7e882a8000)]

Other Threads:
=>0x00007f7e80073000 VMThread [stack: 0x00007f7e7b5aa000,0x00007f7e7b6ab000] [id=15478]
  0x00007f7e800b9800 WatcherThread [stack: 0x00007f7e7aa64000,0x00007f7e7ab65000] [id=15485]

VM state:at safepoint (normal execution)

VM Mutex/Monitor currently owned by a thread:  ([mutex/lock_event])
[0x00007f7e80007e90] ExpandHeap_lock - owner thread: 0x00007f7e80073000
[0x00007f7e80008510] Threads_lock - owner thread: 0x00007f7e80073000
[0x00007f7e80008a10] Heap_lock - owner thread: 0x00007f7e8000c000

Heap
 PSYoungGen      total 116736K, used 0K [0x00000000f5500000, 0x0000000100000000, 0x0000000100000000)
  eden space 58368K, 0% used [0x00000000f5500000,0x00000000f5500000,0x00000000f8e00000)
  from space 58368K, 0% used [0x00000000fc700000,0x00000000fc700000,0x0000000100000000)
  to   space 58368K, 0% used [0x00000000f8e00000,0x00000000f8e00000,0x00000000fc700000)
 ParOldGen       total 126464K, used 100053K [0x00000000e0000000, 0x00000000e7b80000, 0x00000000f5500000)
  object space 126464K, 79% used [0x00000000e0000000,0x00000000e61b5788,0x00000000e7b80000)
 PSPermGen       total 24576K, used 23806K [0x00000000d5a00000, 0x00000000d7200000, 0x00000000e0000000)
  object space 24576K, 96% used [0x00000000d5a00000,0x00000000d713fb38,0x00000000d7200000)

Card table byte_map: [0x00007f7e84c9a000,0x00007f7e84dee000] byte_map_base: 0x00007f7e845ed000

Polling page: 0x00007f7e882cb000

Code Cache  [0x00007f7e7d000000, 0x00007f7e7d3b0000, 0x00007f7e80000000)
 total_blobs=1829 nmethods=1426 adapters=353 free_code_cache=45498Kb largest_free_block=46512832

Compilation events (10 events):
Event: 25.779 Thread 0x00007f7e800ac800 1655             java.util.ArrayList$ListItr::<init> (17 bytes)
Event: 25.780 Thread 0x00007f7e800ac800 nmethod 1655 0x00007f7e7d38f7d0 code [0x00007f7e7d38f900, 0x00007f7e7d38f998]
Event: 25.780 Thread 0x00007f7e800ac800 1656             java.util.ArrayList::listIterator (10 bytes)
Event: 25.781 Thread 0x00007f7e800ac800 nmethod 1656 0x00007f7e7d38f510 code [0x00007f7e7d38f660, 0x00007f7e7d38f738]
Event: 25.781 Thread 0x00007f7e800ac800 1657             com.google.gwt.dev.jjs.ast.JDeclaredType::hasClinit (13 bytes)
Event: 25.781 Thread 0x00007f7e800ac800 nmethod 1657 0x00007f7e7d38f310 code [0x00007f7e7d38f440, 0x00007f7e7d38f498]
Event: 25.781 Thread 0x00007f7e800ac800 1658             com.google.gwt.dev.jjs.impl.ControlFlowAnalyzer$RescueVisitor::visit (88 bytes)
Event: 25.785 Thread 0x00007f7e800a9800 nmethod 1646 0x00007f7e7d39bc50 code [0x00007f7e7d39bdc0, 0x00007f7e7d39c008]
Event: 25.785 Thread 0x00007f7e800a9800 1659             com.google.gwt.dev.jjs.impl.ControlFlowAnalyzer$RescueVisitor::visit (158 bytes)
Event: 25.801 Thread 0x00007f7e800a9800 nmethod 1659 0x00007f7e7d3a25d0 code [0x00007f7e7d3a2860, 0x00007f7e7d3a3500]

GC Heap History (10 events):
Event: 20.848 GC heap after
Heap after GC invocations=28 (full 4):
 PSYoungGen      total 115712K, used 40106K [0x00000000f5500000, 0x0000000100000000, 0x0000000100000000)
  eden space 72192K, 0% used [0x00000000f5500000,0x00000000f5500000,0x00000000f9b80000)
  from space 43520K, 92% used [0x00000000fcb80000,0x00000000ff2aa9e8,0x00000000ff600000)
  to   space 49152K, 0% used [0x00000000f9b80000,0x00000000f9b80000,0x00000000fcb80000)
 ParOldGen       total 126464K, used 91393K [0x00000000e0000000, 0x00000000e7b80000, 0x00000000f5500000)
  object space 126464K, 72% used [0x00000000e0000000,0x00000000e59404b8,0x00000000e7b80000)
 PSPermGen       total 24576K, used 19109K [0x00000000d5a00000, 0x00000000d7200000, 0x00000000e0000000)
  object space 24576K, 77% used [0x00000000d5a00000,0x00000000d6ca94b0,0x00000000d7200000)
}
Event: 22.520 GC heap before
{Heap before GC invocations=29 (full 4):
 PSYoungGen      total 115712K, used 112298K [0x00000000f5500000, 0x0000000100000000, 0x0000000100000000)
  eden space 72192K, 100% used [0x00000000f5500000,0x00000000f9b80000,0x00000000f9b80000)
  from space 43520K, 92% used [0x00000000fcb80000,0x00000000ff2aa9e8,0x00000000ff600000)
  to   space 49152K, 0% used [0x00000000f9b80000,0x00000000f9b80000,0x00000000fcb80000)
 ParOldGen       total 126464K, used 91393K [0x00000000e0000000, 0x00000000e7b80000, 0x00000000f5500000)
  object space 126464K, 72% used [0x00000000e0000000,0x00000000e59404b8,0x00000000e7b80000)
 PSPermGen       total 24576K, used 22704K [0x00000000d5a00000, 0x00000000d7200000, 0x00000000e0000000)
  object space 24576K, 92% used [0x00000000d5a00000,0x00000000d702c110,0x00000000d7200000)
Event: 22.573 GC heap after
Heap after GC invocations=29 (full 4):
 PSYoungGen      total 117760K, used 45366K [0x00000000f5500000, 0x0000000100000000, 0x0000000100000000)
  eden space 72192K, 0% used [0x00000000f5500000,0x00000000f5500000,0x00000000f9b80000)
  from space 45568K, 99% used [0x00000000f9b80000,0x00000000fc7cdb20,0x00000000fc800000)
  to   space 55808K, 0% used [0x00000000fc980000,0x00000000fc980000,0x0000000100000000)
 ParOldGen       total 126464K, used 91393K [0x00000000e0000000, 0x00000000e7b80000, 0x00000000f5500000)
  object space 126464K, 72% used [0x00000000e0000000,0x00000000e59404b8,0x00000000e7b80000)
 PSPermGen       total 24576K, used 22704K [0x00000000d5a00000, 0x00000000d7200000, 0x00000000e0000000)
  object space 24576K, 92% used [0x00000000d5a00000,0x00000000d702c110,0x00000000d7200000)
}
Event: 23.179 GC heap before
{Heap before GC invocations=30 (full 4):
 PSYoungGen      total 117760K, used 117558K [0x00000000f5500000, 0x0000000100000000, 0x0000000100000000)
  eden space 72192K, 100% used [0x00000000f5500000,0x00000000f9b80000,0x00000000f9b80000)
  from space 45568K, 99% used [0x00000000f9b80000,0x00000000fc7cdb20,0x00000000fc800000)
  to   space 55808K, 0% used [0x00000000fc980000,0x00000000fc980000,0x0000000100000000)
 ParOldGen       total 126464K, used 91393K [0x00000000e0000000, 0x00000000e7b80000, 0x00000000f5500000)
  object space 126464K, 72% used [0x00000000e0000000,0x00000000e59404b8,0x00000000e7b80000)
 PSPermGen       total 24576K, used 22743K [0x00000000d5a00000, 0x00000000d7200000, 0x00000000e0000000)
  object space 24576K, 92% used [0x00000000d5a00000,0x00000000d7035c08,0x00000000d7200000)
Event: 23.257 GC heap after
Heap after GC invocations=30 (full 4):
 PSYoungGen      total 114176K, used 47781K [0x00000000f5500000, 0x0000000100000000, 0x0000000100000000)
  eden space 58368K, 0% used [0x00000000f5500000,0x00000000f5500000,0x00000000f8e00000)
  from space 55808K, 85% used [0x00000000fc980000,0x00000000ff829448,0x0000000100000000)
  to   space 58368K, 0% used [0x00000000f8e00000,0x00000000f8e00000,0x00000000fc700000)
 ParOldGen       total 126464K, used 91393K [0x00000000e0000000, 0x00000000e7b80000, 0x00000000f5500000)
  object space 126464K, 72% used [0x00000000e0000000,0x00000000e59404b8,0x00000000e7b80000)
 PSPermGen       total 24576K, used 22743K [0x00000000d5a00000, 0x00000000d7200000, 0x00000000e0000000)
  object space 24576K, 92% used [0x00000000d5a00000,0x00000000d7035c08,0x00000000d7200000)
}
Event: 24.783 GC heap before
{Heap before GC invocations=31 (full 4):
 PSYoungGen      total 114176K, used 106149K [0x00000000f5500000, 0x0000000100000000, 0x0000000100000000)
  eden space 58368K, 100% used [0x00000000f5500000,0x00000000f8e00000,0x00000000f8e00000)
  from space 55808K, 85% used [0x00000000fc980000,0x00000000ff829448,0x0000000100000000)
  to   space 58368K, 0% used [0x00000000f8e00000,0x00000000f8e00000,0x00000000fc700000)
 ParOldGen       total 126464K, used 91393K [0x00000000e0000000, 0x00000000e7b80000, 0x00000000f5500000)
  object space 126464K, 72% used [0x00000000e0000000,0x00000000e59404b8,0x00000000e7b80000)
 PSPermGen       total 24576K, used 23462K [0x00000000d5a00000, 0x00000000d7200000, 0x00000000e0000000)
  object space 24576K, 95% used [0x00000000d5a00000,0x00000000d70e9918,0x00000000d7200000)
Event: 24.837 GC heap after
Heap after GC invocations=31 (full 4):
 PSYoungGen      total 116736K, used 43744K [0x00000000f5500000, 0x0000000100000000, 0x0000000100000000)
  eden space 58368K, 0% used [0x00000000f5500000,0x00000000f5500000,0x00000000f8e00000)
  from space 58368K, 74% used [0x00000000f8e00000,0x00000000fb8b8190,0x00000000fc700000)
  to   space 58368K, 0% used [0x00000000fc700000,0x00000000fc700000,0x0000000100000000)
 ParOldGen       total 126464K, used 92758K [0x00000000e0000000, 0x00000000e7b80000, 0x00000000f5500000)
  object space 126464K, 73% used [0x00000000e0000000,0x00000000e5a95908,0x00000000e7b80000)
 PSPermGen       total 24576K, used 23462K [0x00000000d5a00000, 0x00000000d7200000, 0x00000000e0000000)
  object space 24576K, 95% used [0x00000000d5a00000,0x00000000d70e9918,0x00000000d7200000)
}
Event: 25.804 GC heap before
{Heap before GC invocations=32 (full 4):
 PSYoungGen      total 116736K, used 102112K [0x00000000f5500000, 0x0000000100000000, 0x0000000100000000)
  eden space 58368K, 100% used [0x00000000f5500000,0x00000000f8e00000,0x00000000f8e00000)
  from space 58368K, 74% used [0x00000000f8e00000,0x00000000fb8b8190,0x00000000fc700000)
  to   space 58368K, 0% used [0x00000000fc700000,0x00000000fc700000,0x0000000100000000)
 ParOldGen       total 126464K, used 92758K [0x00000000e0000000, 0x00000000e7b80000, 0x00000000f5500000)
  object space 126464K, 73% used [0x00000000e0000000,0x00000000e5a95908,0x00000000e7b80000)
 PSPermGen       total 24576K, used 23817K [0x00000000d5a00000, 0x00000000d7200000, 0x00000000e0000000)
  object space 24576K, 96% used [0x00000000d5a00000,0x00000000d71424a8,0x00000000d7200000)
Event: 25.891 GC heap after
Heap after GC invocations=32 (full 4):
 PSYoungGen      total 116736K, used 19199K [0x00000000f5500000, 0x0000000100000000, 0x0000000100000000)
  eden space 58368K, 0% used [0x00000000f5500000,0x00000000f5500000,0x00000000f8e00000)
  from space 58368K, 32% used [0x00000000fc700000,0x00000000fd9bffb0,0x0000000100000000)
  to   space 58368K, 0% used [0x00000000f8e00000,0x00000000f8e00000,0x00000000fc700000)
 ParOldGen       total 126464K, used 115154K [0x00000000e0000000, 0x00000000e7b80000, 0x00000000f5500000)
  object space 126464K, 91% used [0x00000000e0000000,0x00000000e7074b30,0x00000000e7b80000)
 PSPermGen       total 24576K, used 23817K [0x00000000d5a00000, 0x00000000d7200000, 0x00000000e0000000)
  object space 24576K, 96% used [0x00000000d5a00000,0x00000000d71424a8,0x00000000d7200000)
}
Event: 25.891 GC heap before
{Heap before GC invocations=33 (full 5):
 PSYoungGen      total 116736K, used 19199K [0x00000000f5500000, 0x0000000100000000, 0x0000000100000000)
  eden space 58368K, 0% used [0x00000000f5500000,0x00000000f5500000,0x00000000f8e00000)
  from space 58368K, 32% used [0x00000000fc700000,0x00000000fd9bffb0,0x0000000100000000)
  to   space 58368K, 0% used [0x00000000f8e00000,0x00000000f8e00000,0x00000000fc700000)
 ParOldGen       total 126464K, used 115154K [0x00000000e0000000, 0x00000000e7b80000, 0x00000000f5500000)
  object space 126464K, 91% used [0x00000000e0000000,0x00000000e7074b30,0x00000000e7b80000)
 PSPermGen       total 24576K, used 23817K [0x00000000d5a00000, 0x00000000d7200000, 0x00000000e0000000)
  object space 24576K, 96% used [0x00000000d5a00000,0x00000000d71424a8,0x00000000d7200000)

Deoptimization events (10 events):
Event: 25.383 Thread 0x00007f7e8000c000 Uncommon trap: reason=unreached action=reinterpret pc=0x00007f7e7d2dc964 method=com.google.gwt.dev.jjs.impl.DeadCodeElimination$DeadCodeVisitor.endVisit(Lcom/google/gwt/dev/jjs/ast/JMethodCall;Lcom/google/gwt/dev/jjs/ast/Context;)V @ 163
Event: 25.444 Thread 0x00007f7e8000c000 Uncommon trap: reason=class_check action=maybe_recompile pc=0x00007f7e7d303bb8 method=com.google.gwt.dev.jjs.ast.JVariable.getConstInitializer()Lcom/google/gwt/dev/jjs/ast/JLiteral; @ 20
Event: 25.444 Thread 0x00007f7e8000c000 Uncommon trap: reason=class_check action=maybe_recompile pc=0x00007f7e7d303bb8 method=com.google.gwt.dev.jjs.ast.JVariable.getConstInitializer()Lcom/google/gwt/dev/jjs/ast/JLiteral; @ 20
Event: 25.541 Thread 0x00007f7e8000c000 Uncommon trap: reason=unreached action=reinterpret pc=0x00007f7e7d31a9d0 method=com.google.gwt.dev.jjs.ast.JMethod.isNative()Z @ 4
Event: 25.577 Thread 0x00007f7e8000c000 Uncommon trap: reason=predicate action=maybe_recompile pc=0x00007f7e7d37d2dc method=com.google.gwt.dev.jjs.impl.ImplicitUpcastAnalyzer.endVisit(Lcom/google/gwt/dev/jjs/ast/JMethodCall;Lcom/google/gwt/dev/jjs/ast/Context;)V @ 28
Event: 25.636 Thread 0x00007f7e8000c000 Uncommon trap: reason=unreached action=reinterpret pc=0x00007f7e7d343940 method=com.google.gwt.dev.jjs.impl.ControlFlowAnalyzer$RescueVisitor.visit(Lcom/google/gwt/dev/jjs/ast/JMethodCall;Lcom/google/gwt/dev/jjs/ast/Context;)Z @ 146
Event: 25.636 Thread 0x00007f7e8000c000 Uncommon trap: reason=null_check action=make_not_entrant pc=0x00007f7e7d32ce5c method=com.google.gwt.dev.jjs.ast.JProgram.getClassLiteralField(Lcom/google/gwt/dev/jjs/ast/JType;)Lcom/google/gwt/dev/jjs/ast/JField; @ 28
Event: 25.637 Thread 0x00007f7e8000c000 Uncommon trap: reason=class_check action=maybe_recompile pc=0x00007f7e7d348878 method=com.google.gwt.dev.jjs.impl.ControlFlowAnalyzer$RescueVisitor.rescue(Lcom/google/gwt/dev/jjs/ast/JVariable;)V @ 211
Event: 25.654 Thread 0x00007f7e8000c000 Uncommon trap: reason=unreached action=reinterpret pc=0x00007f7e7d329c8c method=com.google.gwt.dev.jjs.ast.JTypeOracle.isJavaScriptObject(Lcom/google/gwt/dev/jjs/ast/JType;)Z @ 18
Event: 25.677 Thread 0x00007f7e8000c000 Uncommon trap: reason=unreached action=reinterpret pc=0x00007f7e7d0dbc34 method=java.util.IdentityHashMap.keySet()Ljava/util/Set; @ 6

Internal exceptions (10 events):
Event: 25.488 Thread 0x00007f7e8000c000 Threw 0x00000000f792ef28 at /build/openjdk-7-FO0dNI/openjdk-7-7u79-2.5.6/build/openjdk/hotspot/src/share/vm/prims/jvm.cpp:1284
Event: 25.489 Thread 0x00007f7e8000c000 Threw 0x00000000f79370f0 at /build/openjdk-7-FO0dNI/openjdk-7-7u79-2.5.6/build/openjdk/hotspot/src/share/vm/prims/jvm.cpp:1284
Event: 25.528 Thread 0x00007f7e8000c000 Threw 0x00000000f7bb0b58 at /build/openjdk-7-FO0dNI/openjdk-7-7u79-2.5.6/build/openjdk/hotspot/src/share/vm/prims/jvm.cpp:1284
Event: 25.532 Thread 0x00007f7e8000c000 Threw 0x00000000f7bc1fc0 at /build/openjdk-7-FO0dNI/openjdk-7-7u79-2.5.6/build/openjdk/hotspot/src/share/vm/prims/jvm.cpp:1284
Event: 25.535 Thread 0x00007f7e8000c000 Threw 0x00000000f7bcce30 at /build/openjdk-7-FO0dNI/openjdk-7-7u79-2.5.6/build/openjdk/hotspot/src/share/vm/prims/jvm.cpp:1284
Event: 25.536 Thread 0x00007f7e8000c000 Threw 0x00000000f7bd8780 at /build/openjdk-7-FO0dNI/openjdk-7-7u79-2.5.6/build/openjdk/hotspot/src/share/vm/prims/jvm.cpp:1284
Event: 25.540 Thread 0x00007f7e8000c000 Implicit null exception at 0x00007f7e7d31a980 to 0x00007f7e7d31a9bd
Event: 25.593 Thread 0x00007f7e8000c000 Threw 0x00000000f7bed148 at /build/openjdk-7-FO0dNI/openjdk-7-7u79-2.5.6/build/openjdk/hotspot/src/share/vm/prims/jvm.cpp:1284
Event: 25.595 Thread 0x00007f7e8000c000 Threw 0x00000000f7bf5958 at /build/openjdk-7-FO0dNI/openjdk-7-7u79-2.5.6/build/openjdk/hotspot/src/share/vm/prims/jvm.cpp:1284
Event: 25.636 Thread 0x00007f7e8000c000 Implicit null exception at 0x00007f7e7d32cc60 to 0x00007f7e7d32ce49

Events (10 events):
Event: 25.637 Thread 0x00007f7e8000c000 Uncommon trap: trap_request=0xffffffde fr.pc=0x00007f7e7d348878
Event: 25.637 Thread 0x00007f7e8000c000 DEOPT PACKING pc=0x00007f7e7d348878 sp=0x00007f7e882a55a0
Event: 25.637 Thread 0x00007f7e8000c000 DEOPT UNPACKING pc=0x00007f7e7d039445 sp=0x00007f7e882a5580 mode 2
Event: 25.654 Thread 0x00007f7e8000c000 Uncommon trap: trap_request=0xffffffad fr.pc=0x00007f7e7d329c8c
Event: 25.654 Thread 0x00007f7e8000c000 DEOPT PACKING pc=0x00007f7e7d329c8c sp=0x00007f7e882a3880
Event: 25.654 Thread 0x00007f7e8000c000 DEOPT UNPACKING pc=0x00007f7e7d039445 sp=0x00007f7e882a3848 mode 2
Event: 25.676 Thread 0x00007f7e8000c000 Uncommon trap: trap_request=0xffffffad fr.pc=0x00007f7e7d0dbc34
Event: 25.677 Thread 0x00007f7e8000c000 DEOPT PACKING pc=0x00007f7e7d0dbc34 sp=0x00007f7e882a5fc0
Event: 25.677 Thread 0x00007f7e8000c000 DEOPT UNPACKING pc=0x00007f7e7d039445 sp=0x00007f7e882a5f80 mode 2
Event: 25.801 Executing VM operation: ParallelGCFailedAllocation


Dynamic libraries:
00400000-00401000 r-xp 00000000 08:01 659924                             /usr/lib/jvm/java-7-openjdk-amd64/jre/bin/java
00600000-00601000 r--p 00000000 08:01 659924                             /usr/lib/jvm/java-7-openjdk-amd64/jre/bin/java
00601000-00602000 rw-p 00001000 08:01 659924                             /usr/lib/jvm/java-7-openjdk-amd64/jre/bin/java
00717000-00738000 rw-p 00000000 00:00 0                                  [heap]
d5a00000-d7200000 rw-p 00000000 00:00 0 
d7200000-e0000000 rw-p 00000000 00:00 0 
e0000000-e7b80000 rw-p 00000000 00:00 0 
e9000000-f5500000 rw-p 00000000 00:00 0 
f5500000-100000000 rw-p 00000000 00:00 0 
7f7e3c000000-7f7e3c021000 rw-p 00000000 00:00 0 
7f7e3c021000-7f7e40000000 ---p 00000000 00:00 0 
7f7e4140e000-7f7e41411000 ---p 00000000 00:00 0 
7f7e41411000-7f7e4150f000 rw-p 00000000 00:00 0 
7f7e4150f000-7f7e41513000 r-xp 00000000 08:01 2232646                    /lib/x86_64-linux-gnu/libgpg-error.so.0.10.0
7f7e41513000-7f7e41712000 ---p 00004000 08:01 2232646                    /lib/x86_64-linux-gnu/libgpg-error.so.0.10.0
7f7e41712000-7f7e41713000 r--p 00003000 08:01 2232646                    /lib/x86_64-linux-gnu/libgpg-error.so.0.10.0
7f7e41713000-7f7e41714000 rw-p 00004000 08:01 2232646                    /lib/x86_64-linux-gnu/libgpg-error.so.0.10.0
7f7e41714000-7f7e41716000 r-xp 00000000 08:01 2232656                    /lib/x86_64-linux-gnu/libkeyutils.so.1.4
7f7e41716000-7f7e41916000 ---p 00002000 08:01 2232656                    /lib/x86_64-linux-gnu/libkeyutils.so.1.4
7f7e41916000-7f7e41917000 r--p 00002000 08:01 2232656                    /lib/x86_64-linux-gnu/libkeyutils.so.1.4
7f7e41917000-7f7e41918000 rw-p 00003000 08:01 2232656                    /lib/x86_64-linux-gnu/libkeyutils.so.1.4
7f7e41918000-7f7e4193d000 r-xp 00000000 08:01 2232729                    /lib/x86_64-linux-gnu/libpng12.so.0.50.0
7f7e4193d000-7f7e41b3c000 ---p 00025000 08:01 2232729                    /lib/x86_64-linux-gnu/libpng12.so.0.50.0
7f7e41b3c000-7f7e41b3d000 r--p 00024000 08:01 2232729                    /lib/x86_64-linux-gnu/libpng12.so.0.50.0
7f7e41b3d000-7f7e41b3e000 rw-p 00025000 08:01 2232729                    /lib/x86_64-linux-gnu/libpng12.so.0.50.0
7f7e41b3e000-7f7e41b82000 r-xp 00000000 08:01 2229237                    /lib/x86_64-linux-gnu/libdbus-1.so.3.7.6
7f7e41b82000-7f7e41d81000 ---p 00044000 08:01 2229237                    /lib/x86_64-linux-gnu/libdbus-1.so.3.7.6
7f7e41d81000-7f7e41d82000 r--p 00043000 08:01 2229237                    /lib/x86_64-linux-gnu/libdbus-1.so.3.7.6
7f7e41d82000-7f7e41d83000 rw-p 00044000 08:01 2229237                    /lib/x86_64-linux-gnu/libdbus-1.so.3.7.6
7f7e41d83000-7f7e41dbe000 r-xp 00000000 08:01 534305                     /usr/lib/x86_64-linux-gnu/libp11-kit.so.0.0.0
7f7e41dbe000-7f7e41fbd000 ---p 0003b000 08:01 534305                     /usr/lib/x86_64-linux-gnu/libp11-kit.so.0.0.0
7f7e41fbd000-7f7e41fc3000 r--p 0003a000 08:01 534305                     /usr/lib/x86_64-linux-gnu/libp11-kit.so.0.0.0
7f7e41fc3000-7f7e41fc5000 rw-p 00040000 08:01 534305                     /usr/lib/x86_64-linux-gnu/libp11-kit.so.0.0.0
7f7e41fc5000-7f7e41fd7000 r-xp 00000000 08:01 524403                     /usr/lib/x86_64-linux-gnu/libtasn1.so.6.2.0
7f7e41fd7000-7f7e421d7000 ---p 00012000 08:01 524403                     /usr/lib/x86_64-linux-gnu/libtasn1.so.6.2.0
7f7e421d7000-7f7e421d8000 r--p 00012000 08:01 524403                     /usr/lib/x86_64-linux-gnu/libtasn1.so.6.2.0
7f7e421d8000-7f7e421d9000 rw-p 00013000 08:01 524403                     /usr/lib/x86_64-linux-gnu/libtasn1.so.6.2.0
7f7e421d9000-7f7e42255000 r-xp 00000000 08:01 2228395                    /lib/x86_64-linux-gnu/libgcrypt.so.11.8.2
7f7e42255000-7f7e42455000 ---p 0007c000 08:01 2228395                    /lib/x86_64-linux-gnu/libgcrypt.so.11.8.2
7f7e42455000-7f7e42456000 r--p 0007c000 08:01 2228395                    /lib/x86_64-linux-gnu/libgcrypt.so.11.8.2
7f7e42456000-7f7e42459000 rw-p 0007d000 08:01 2228395                    /lib/x86_64-linux-gnu/libgcrypt.so.11.8.2
7f7e42459000-7f7e42463000 r-xp 00000000 08:01 525855                     /usr/lib/x86_64-linux-gnu/libkrb5support.so.0.1
7f7e42463000-7f7e42662000 ---p 0000a000 08:01 525855                     /usr/lib/x86_64-linux-gnu/libkrb5support.so.0.1
7f7e42662000-7f7e42663000 r--p 00009000 08:01 525855                     /usr/lib/x86_64-linux-gnu/libkrb5support.so.0.1
7f7e42663000-7f7e42664000 rw-p 0000a000 08:01 525855                     /usr/lib/x86_64-linux-gnu/libkrb5support.so.0.1
7f7e42664000-7f7e42667000 r-xp 00000000 08:01 2229315                    /lib/x86_64-linux-gnu/libcom_err.so.2.1
7f7e42667000-7f7e42866000 ---p 00003000 08:01 2229315                    /lib/x86_64-linux-gnu/libcom_err.so.2.1
7f7e42866000-7f7e42867000 r--p 00002000 08:01 2229315                    /lib/x86_64-linux-gnu/libcom_err.so.2.1
7f7e42867000-7f7e42868000 rw-p 00003000 08:01 2229315                    /lib/x86_64-linux-gnu/libcom_err.so.2.1
7f7e42868000-7f7e42894000 r-xp 00000000 08:01 525678                     /usr/lib/x86_64-linux-gnu/libk5crypto.so.3.1
7f7e42894000-7f7e42a93000 ---p 0002c000 08:01 525678                     /usr/lib/x86_64-linux-gnu/libk5crypto.so.3.1
7f7e42a93000-7f7e42a95000 r--p 0002b000 08:01 525678                     /usr/lib/x86_64-linux-gnu/libk5crypto.so.3.1
7f7e42a95000-7f7e42a96000 rw-p 0002d000 08:01 525678                     /usr/lib/x86_64-linux-gnu/libk5crypto.so.3.1
7f7e42a96000-7f7e42a97000 rw-p 00000000 00:00 0 
7f7e42a97000-7f7e42b53000 r-xp 00000000 08:01 525988                     /usr/lib/x86_64-linux-gnu/libkrb5.so.3.3
7f7e42b53000-7f7e42d53000 ---p 000bc000 08:01 525988                     /usr/lib/x86_64-linux-gnu/libkrb5.so.3.3
7f7e42d53000-7f7e42d60000 r--p 000bc000 08:01 525988                     /usr/lib/x86_64-linux-gnu/libkrb5.so.3.3
7f7e42d60000-7f7e42d62000 rw-p 000c9000 08:01 525988                     /usr/lib/x86_64-linux-gnu/libkrb5.so.3.3
7f7e42d62000-7f7e42d89000 r-xp 00000000 08:01 2228451                    /lib/x86_64-linux-gnu/libexpat.so.1.6.0
7f7e42d89000-7f7e42f89000 ---p 00027000 08:01 2228451                    /lib/x86_64-linux-gnu/libexpat.so.1.6.0
7f7e42f89000-7f7e42f8b000 r--p 00027000 08:01 2228451                    /lib/x86_64-linux-gnu/libexpat.so.1.6.0
7f7e42f8b000-7f7e42f8c000 rw-p 00029000 08:01 2228451                    /lib/x86_64-linux-gnu/libexpat.so.1.6.0
7f7e42f8c000-7f7e43029000 r-xp 00000000 08:01 524800                     /usr/lib/x86_64-linux-gnu/libfreetype.so.6.11.1
7f7e43029000-7f7e43228000 ---p 0009d000 08:01 524800                     /usr/lib/x86_64-linux-gnu/libfreetype.so.6.11.1
7f7e43228000-7f7e4322e000 r--p 0009c000 08:01 524800                     /usr/lib/x86_64-linux-gnu/libfreetype.so.6.11.1
7f7e4322e000-7f7e4322f000 rw-p 000a2000 08:01 524800                     /usr/lib/x86_64-linux-gnu/libfreetype.so.6.11.1
7f7e4322f000-7f7e4323e000 r-xp 00000000 08:01 533556                     /usr/lib/x86_64-linux-gnu/libavahi-client.so.3.2.9
7f7e4323e000-7f7e4343e000 ---p 0000f000 08:01 533556                     /usr/lib/x86_64-linux-gnu/libavahi-client.so.3.2.9
7f7e4343e000-7f7e4343f000 r--p 0000f000 08:01 533556                     /usr/lib/x86_64-linux-gnu/libavahi-client.so.3.2.9
7f7e4343f000-7f7e43440000 rw-p 00010000 08:01 533556                     /usr/lib/x86_64-linux-gnu/libavahi-client.so.3.2.9
7f7e43440000-7f7e4344b000 r-xp 00000000 08:01 533558                     /usr/lib/x86_64-linux-gnu/libavahi-common.so.3.5.3
7f7e4344b000-7f7e4364a000 ---p 0000b000 08:01 533558                     /usr/lib/x86_64-linux-gnu/libavahi-common.so.3.5.3
7f7e4364a000-7f7e4364b000 r--p 0000a000 08:01 533558                     /usr/lib/x86_64-linux-gnu/libavahi-common.so.3.5.3
7f7e4364b000-7f7e4364c000 rw-p 0000b000 08:01 533558                     /usr/lib/x86_64-linux-gnu/libavahi-common.so.3.5.3
7f7e4364c000-7f7e43702000 r-xp 00000000 08:01 524653                     /usr/lib/x86_64-linux-gnu/libgnutls.so.26.22.6
7f7e43702000-7f7e43902000 ---p 000b6000 08:01 524653                     /usr/lib/x86_64-linux-gnu/libgnutls.so.26.22.6
7f7e43902000-7f7e43908000 r--p 000b6000 08:01 524653                     /usr/lib/x86_64-linux-gnu/libgnutls.so.26.22.6
7f7e43908000-7f7e43909000 rw-p 000bc000 08:01 524653                     /usr/lib/x86_64-linux-gnu/libgnutls.so.26.22.6
7f7e43909000-7f7e4390a000 rw-p 00000000 00:00 0 
7f7e4390a000-7f7e4394d000 r-xp 00000000 08:01 527477                     /usr/lib/x86_64-linux-gnu/libgssapi_krb5.so.2.2
7f7e4394d000-7f7e43b4d000 ---p 00043000 08:01 527477                     /usr/lib/x86_64-linux-gnu/libgssapi_krb5.so.2.2
7f7e43b4d000-7f7e43b4e000 r--p 00043000 08:01 527477                     /usr/lib/x86_64-linux-gnu/libgssapi_krb5.so.2.2
7f7e43b4e000-7f7e43b50000 rw-p 00044000 08:01 527477                     /usr/lib/x86_64-linux-gnu/libgssapi_krb5.so.2.2
7f7e43b50000-7f7e43b8a000 r-xp 00000000 08:01 533797                     /usr/lib/x86_64-linux-gnu/libfontconfig.so.1.8.0
7f7e43b8a000-7f7e43d89000 ---p 0003a000 08:01 533797                     /usr/lib/x86_64-linux-gnu/libfontconfig.so.1.8.0
7f7e43d89000-7f7e43d8b000 r--p 00039000 08:01 533797                     /usr/lib/x86_64-linux-gnu/libfontconfig.so.1.8.0
7f7e43d8b000-7f7e43d8c000 rw-p 0003b000 08:01 533797                     /usr/lib/x86_64-linux-gnu/libfontconfig.so.1.8.0
7f7e43d8c000-7f7e43df8000 r-xp 00000000 08:01 525051                     /usr/lib/x86_64-linux-gnu/libcups.so.2
7f7e43df8000-7f7e43ff8000 ---p 0006c000 08:01 525051                     /usr/lib/x86_64-linux-gnu/libcups.so.2
7f7e43ff8000-7f7e43fff000 r--p 0006c000 08:01 525051                     /usr/lib/x86_64-linux-gnu/libcups.so.2
7f7e43fff000-7f7e44000000 rw-p 00073000 08:01 525051                     /usr/lib/x86_64-linux-gnu/libcups.so.2
7f7e44000000-7f7e44021000 rw-p 00000000 00:00 0 
7f7e44021000-7f7e48000000 ---p 00000000 00:00 0 
7f7e48000000-7f7e480d2000 rw-p 00000000 00:00 0 
7f7e480d2000-7f7e4c000000 ---p 00000000 00:00 0 
7f7e4c000000-7f7e4c021000 rw-p 00000000 00:00 0 
7f7e4c021000-7f7e50000000 ---p 00000000 00:00 0 
7f7e50000000-7f7e5040f000 rw-p 00000000 00:00 0 
7f7e5040f000-7f7e54000000 ---p 00000000 00:00 0 
7f7e54000000-7f7e555a5000 rw-p 00000000 00:00 0 
7f7e555a5000-7f7e58000000 ---p 00000000 00:00 0 
7f7e58000000-7f7e58021000 rw-p 00000000 00:00 0 
7f7e58021000-7f7e5c000000 ---p 00000000 00:00 0 
7f7e5c000000-7f7e5c021000 rw-p 00000000 00:00 0 
7f7e5c021000-7f7e60000000 ---p 00000000 00:00 0 
7f7e60000000-7f7e60ed3000 rw-p 00000000 00:00 0 
7f7e60ed3000-7f7e64000000 ---p 00000000 00:00 0 
7f7e64000000-7f7e64021000 rw-p 00000000 00:00 0 
7f7e64021000-7f7e68000000 ---p 00000000 00:00 0 
7f7e68000000-7f7e68021000 rw-p 00000000 00:00 0 
7f7e68021000-7f7e6c000000 ---p 00000000 00:00 0 
7f7e6c000000-7f7e6c04b000 rw-p 00000000 00:00 0 
7f7e6c04b000-7f7e70000000 ---p 00000000 00:00 0 
7f7e70000000-7f7e70240000 rw-p 00000000 00:00 0 
7f7e70240000-7f7e74000000 ---p 00000000 00:00 0 
7f7e74000000-7f7e74079000 rw-p 00000000 00:00 0 
7f7e74079000-7f7e78000000 ---p 00000000 00:00 0 
7f7e7806d000-7f7e78070000 ---p 00000000 00:00 0 
7f7e78070000-7f7e7816e000 rw-p 00000000 00:00 0                          [stack:15508]
7f7e7816e000-7f7e78174000 r-xp 00000000 08:01 659847                     /usr/lib/jvm/java-7-openjdk-amd64/jre/lib/amd64/headless/libmawt.so
7f7e78174000-7f7e78374000 ---p 00006000 08:01 659847                     /usr/lib/jvm/java-7-openjdk-amd64/jre/lib/amd64/headless/libmawt.so
7f7e78374000-7f7e78375000 r--p 00006000 08:01 659847                     /usr/lib/jvm/java-7-openjdk-amd64/jre/lib/amd64/headless/libmawt.so
7f7e78375000-7f7e78376000 rw-p 00007000 08:01 659847                     /usr/lib/jvm/java-7-openjdk-amd64/jre/lib/amd64/headless/libmawt.so
7f7e78376000-7f7e78416000 r-xp 00000000 08:01 658185                     /usr/lib/jvm/java-7-openjdk-amd64/jre/lib/amd64/libawt.so
7f7e78416000-7f7e78616000 ---p 000a0000 08:01 658185                     /usr/lib/jvm/java-7-openjdk-amd64/jre/lib/amd64/libawt.so
7f7e78616000-7f7e78617000 r--p 000a0000 08:01 658185                     /usr/lib/jvm/java-7-openjdk-amd64/jre/lib/amd64/libawt.so
7f7e78617000-7f7e78622000 rw-p 000a1000 08:01 658185                     /usr/lib/jvm/java-7-openjdk-amd64/jre/lib/amd64/libawt.so
7f7e78622000-7f7e78647000 rw-p 00000000 00:00 0 
7f7e78647000-7f7e7864a000 ---p 00000000 00:00 0 
7f7e7864a000-7f7e78748000 rw-p 00000000 00:00 0                          [stack:15491]
7f7e78748000-7f7e78750000 r-xp 00000000 08:01 659845                     /usr/lib/jvm/java-7-openjdk-amd64/jre/lib/amd64/libmanagement.so
7f7e78750000-7f7e7894f000 ---p 00008000 08:01 659845                     /usr/lib/jvm/java-7-openjdk-amd64/jre/lib/amd64/libmanagement.so
7f7e7894f000-7f7e78950000 r--p 00007000 08:01 659845                     /usr/lib/jvm/java-7-openjdk-amd64/jre/lib/amd64/libmanagement.so
7f7e78950000-7f7e78951000 rw-p 00008000 08:01 659845                     /usr/lib/jvm/java-7-openjdk-amd64/jre/lib/amd64/libmanagement.so
7f7e78951000-7f7e7898e000 r-xp 00000000 08:01 2229243                    /lib/x86_64-linux-gnu/libpcre.so.3.13.1
7f7e7898e000-7f7e78b8d000 ---p 0003d000 08:01 2229243                    /lib/x86_64-linux-gnu/libpcre.so.3.13.1
7f7e78b8d000-7f7e78b8e000 r--p 0003c000 08:01 2229243                    /lib/x86_64-linux-gnu/libpcre.so.3.13.1
7f7e78b8e000-7f7e78b8f000 rw-p 0003d000 08:01 2229243                    /lib/x86_64-linux-gnu/libpcre.so.3.13.1
7f7e78b8f000-7f7e78b96000 r-xp 00000000 08:01 533763                     /usr/lib/x86_64-linux-gnu/libffi.so.6.0.1
7f7e78b96000-7f7e78d95000 ---p 00007000 08:01 533763                     /usr/lib/x86_64-linux-gnu/libffi.so.6.0.1
7f7e78d95000-7f7e78d96000 r--p 00006000 08:01 533763                     /usr/lib/x86_64-linux-gnu/libffi.so.6.0.1
7f7e78d96000-7f7e78d97000 rw-p 00007000 08:01 533763                     /usr/lib/x86_64-linux-gnu/libffi.so.6.0.1
7f7e78d97000-7f7e78dae000 r-xp 00000000 08:01 2228253                    /lib/x86_64-linux-gnu/libresolv-2.19.so
7f7e78dae000-7f7e78fae000 ---p 00017000 08:01 2228253                    /lib/x86_64-linux-gnu/libresolv-2.19.so
7f7e78fae000-7f7e78faf000 r--p 00017000 08:01 2228253                    /lib/x86_64-linux-gnu/libresolv-2.19.so
7f7e78faf000-7f7e78fb0000 rw-p 00018000 08:01 2228253                    /lib/x86_64-linux-gnu/libresolv-2.19.so
7f7e78fb0000-7f7e78fb2000 rw-p 00000000 00:00 0 
7f7e78fb2000-7f7e78fd2000 r-xp 00000000 08:01 2232744                    /lib/x86_64-linux-gnu/libselinux.so.1
7f7e78fd2000-7f7e791d1000 ---p 00020000 08:01 2232744                    /lib/x86_64-linux-gnu/libselinux.so.1
7f7e791d1000-7f7e791d2000 r--p 0001f000 08:01 2232744                    /lib/x86_64-linux-gnu/libselinux.so.1
7f7e791d2000-7f7e791d3000 rw-p 00020000 08:01 2232744                    /lib/x86_64-linux-gnu/libselinux.so.1
7f7e791d3000-7f7e791d5000 rw-p 00000000 00:00 0 
7f7e791d5000-7f7e791d8000 r-xp 00000000 08:01 533897                     /usr/lib/x86_64-linux-gnu/libgmodule-2.0.so.0.4002.0
7f7e791d8000-7f7e793d7000 ---p 00003000 08:01 533897                     /usr/lib/x86_64-linux-gnu/libgmodule-2.0.so.0.4002.0
7f7e793d7000-7f7e793d8000 r--p 00002000 08:01 533897                     /usr/lib/x86_64-linux-gnu/libgmodule-2.0.so.0.4002.0
7f7e793d8000-7f7e793d9000 rw-p 00003000 08:01 533897                     /usr/lib/x86_64-linux-gnu/libgmodule-2.0.so.0.4002.0
7f7e793d9000-7f7e794df000 r-xp 00000000 08:01 2232644                    /lib/x86_64-linux-gnu/libglib-2.0.so.0.4002.0
7f7e794df000-7f7e796de000 ---p 00106000 08:01 2232644                    /lib/x86_64-linux-gnu/libglib-2.0.so.0.4002.0
7f7e796de000-7f7e796df000 r--p 00105000 08:01 2232644                    /lib/x86_64-linux-gnu/libglib-2.0.so.0.4002.0
7f7e796df000-7f7e796e0000 rw-p 00106000 08:01 2232644                    /lib/x86_64-linux-gnu/libglib-2.0.so.0.4002.0
7f7e796e0000-7f7e796e1000 rw-p 00000000 00:00 0 
7f7e796e1000-7f7e79730000 r-xp 00000000 08:01 533921                     /usr/lib/x86_64-linux-gnu/libgobject-2.0.so.0.4002.0
7f7e79730000-7f7e79930000 ---p 0004f000 08:01 533921                     /usr/lib/x86_64-linux-gnu/libgobject-2.0.so.0.4002.0
7f7e79930000-7f7e79931000 r--p 0004f000 08:01 533921                     /usr/lib/x86_64-linux-gnu/libgobject-2.0.so.0.4002.0
7f7e79931000-7f7e79932000 rw-p 00050000 08:01 533921                     /usr/lib/x86_64-linux-gnu/libgobject-2.0.so.0.4002.0
7f7e79932000-7f7e79a9e000 r-xp 00000000 08:01 533881                     /usr/lib/x86_64-linux-gnu/libgio-2.0.so.0.4002.0
7f7e79a9e000-7f7e79c9d000 ---p 0016c000 08:01 533881                     /usr/lib/x86_64-linux-gnu/libgio-2.0.so.0.4002.0
7f7e79c9d000-7f7e79ca1000 r--p 0016b000 08:01 533881                     /usr/lib/x86_64-linux-gnu/libgio-2.0.so.0.4002.0
7f7e79ca1000-7f7e79ca3000 rw-p 0016f000 08:01 533881                     /usr/lib/x86_64-linux-gnu/libgio-2.0.so.0.4002.0
7f7e79ca3000-7f7e79ca5000 rw-p 00000000 00:00 0 
7f7e79cb4000-7f7e79cb5000 rw-p 00000000 00:00 0 
7f7e79cb5000-7f7e79cbf000 r--s 000ae000 08:01 656671                     /usr/lib/jvm/java-7-openjdk-amd64/jre/lib/resources.jar
7f7e79cbf000-7f7e79cc4000 r--s 0004d000 08:01 656758                     /usr/lib/jvm/java-7-openjdk-amd64/jre/lib/jsse.jar
7f7e79cc4000-7f7e79cdb000 r-xp 00000000 08:01 659855                     /usr/lib/jvm/java-7-openjdk-amd64/jre/lib/amd64/libnet.so
7f7e79cdb000-7f7e79eda000 ---p 00017000 08:01 659855                     /usr/lib/jvm/java-7-openjdk-amd64/jre/lib/amd64/libnet.so
7f7e79eda000-7f7e79edb000 r--p 00016000 08:01 659855                     /usr/lib/jvm/java-7-openjdk-amd64/jre/lib/amd64/libnet.so
7f7e79edb000-7f7e79edc000 rw-p 00017000 08:01 659855                     /usr/lib/jvm/java-7-openjdk-amd64/jre/lib/amd64/libnet.so
7f7e79edc000-7f7e79eec000 r-xp 00000000 08:01 659865                     /usr/lib/jvm/java-7-openjdk-amd64/jre/lib/amd64/libnio.so
7f7e79eec000-7f7e7a0ec000 ---p 00010000 08:01 659865                     /usr/lib/jvm/java-7-openjdk-amd64/jre/lib/amd64/libnio.so
7f7e7a0ec000-7f7e7a0ed000 r--p 00010000 08:01 659865                     /usr/lib/jvm/java-7-openjdk-amd64/jre/lib/amd64/libnio.so
7f7e7a0ed000-7f7e7a0ee000 rw-p 00011000 08:01 659865                     /usr/lib/jvm/java-7-openjdk-amd64/jre/lib/amd64/libnio.so
7f7e7a0ee000-7f7e7a0f1000 ---p 00000000 00:00 0 
7f7e7a0f1000-7f7e7a1ef000 rw-p 00000000 00:00 0                          [stack:15487]
7f7e7a1ef000-7f7e7a1f2000 r--s 00007000 00:19 62                         /vagrant/dependencies/jcsv/jcsv-1.4.0.jar
7f7e7a1f2000-7f7e7a1f3000 r--s 00003000 00:19 60                         /vagrant/dependencies/cloudStorage/transaction-api-1.1.jar
7f7e7a1f3000-7f7e7a1f5000 r--s 00018000 00:19 59                         /vagrant/dependencies/cloudStorage/servlet-api-2.5.jar
7f7e7a1f5000-7f7e7a1f8000 r--s 00006000 00:19 58                         /vagrant/dependencies/cloudStorage/jsr305-1.3.9.jar
7f7e7a1f8000-7f7e7a207000 r--s 0007f000 00:19 57                         /vagrant/dependencies/cloudStorage/joda-time-2.3.jar
7f7e7a207000-7f7e7a20d000 r--s 0002a000 00:19 56                         /vagrant/dependencies/cloudStorage/jdo2-api-2.3-eb.jar
7f7e7a20d000-7f7e7a211000 r--s 0002f000 00:19 55                         /vagrant/dependencies/cloudStorage/jackson-core-2.1.3.jar
7f7e7a211000-7f7e7a216000 r--s 00026000 00:19 54                         /vagrant/dependencies/cloudStorage/httpcore-4.0.1.jar
7f7e7a216000-7f7e7a21e000 r--s 00040000 00:19 53                         /vagrant/dependencies/cloudStorage/httpclient-4.0.1.jar
7f7e7a21e000-7f7e7a24b000 r--s 00208000 00:19 52                         /vagrant/dependencies/cloudStorage/guava-19.0-rc2.jar
7f7e7a24b000-7f7e7a24d000 r--s 00004000 00:19 51                         /vagrant/dependencies/cloudStorage/google-oauth-client-servlet-1.20.0.jar
7f7e7a24d000-7f7e7a24e000 r--s 00001000 00:19 50                         /vagrant/dependencies/cloudStorage/google-oauth-client-appengine-1.20.0.jar
7f7e7a24e000-7f7e7a250000 r--s 0000d000 00:19 49                         /vagrant/dependencies/cloudStorage/google-oauth-client-1.20.0.jar
7f7e7a250000-7f7e7a251000 r--s 00002000 00:19 48                         /vagrant/dependencies/cloudStorage/google-http-client-jdo-1.20.0.jar
7f7e7a251000-7f7e7a252000 r--s 00001000 00:19 47                         /vagrant/dependencies/cloudStorage/google-http-client-jackson2-1.20.0.jar
7f7e7a252000-7f7e7a253000 r--s 00003000 00:19 46                         /vagrant/dependencies/cloudStorage/google-http-client-appengine-1.20.0.jar
7f7e7a253000-7f7e7a259000 r--s 00040000 00:19 45                         /vagrant/dependencies/cloudStorage/google-http-client-1.20.0.jar
7f7e7a259000-7f7e7a25d000 r--s 00014000 00:19 44                         /vagrant/dependencies/cloudStorage/google-api-services-storage-v1-rev15-1.19.0.jar
7f7e7a25d000-7f7e7a25e000 r--s 00001000 00:19 43                         /vagrant/dependencies/cloudStorage/google-api-client-servlet-1.20.0.jar
7f7e7a25e000-7f7e7a260000 r--s 00001000 00:19 42                         /vagrant/dependencies/cloudStorage/google-api-client-appengine-1.20.0.jar
7f7e7a260000-7f7e7a265000 r--s 0002b000 00:19 41                         /vagrant/dependencies/cloudStorage/google-api-client-1.20.0.jar
7f7e7a265000-7f7e7a267000 r--s 0000d000 00:19 40                         /vagrant/dependencies/cloudStorage/commons-logging-1.1.1.jar
7f7e7a267000-7f7e7a26d000 r--s 00033000 00:19 39                         /vagrant/dependencies/cloudStorage/commons-codec-1.6.jar
7f7e7a26d000-7f7e7a271000 r--s 00029000 00:19 38                         /vagrant/dependencies/cloudStorage/appengine-gcs-client.jar
7f7e7a271000-7f7e7a27a000 r--s 0006e000 00:19 36                         /vagrant/dependencies/hibernate/jpa/hibernate-entitymanager-4.2.21.Final.jar
7f7e7a27a000-7f7e7a27c000 r--s 00005000 00:19 34                         /vagrant/dependencies/hibernate/required/jboss-transaction-api_1.1_spec-1.0.1.Final.jar
7f7e7a27c000-7f7e7a27e000 r--s 0000d000 00:19 33                         /vagrant/dependencies/hibernate/required/jboss-logging-3.1.0.GA.jar
7f7e7a27e000-7f7e7a288000 r--s 000a5000 00:19 32                         /vagrant/dependencies/hibernate/required/javassist-3.18.1-GA.jar
7f7e7a288000-7f7e7a28d000 r--s 00015000 00:19 31                         /vagrant/dependencies/hibernate/required/hibernate-jpa-2.0-api-1.0.1.Final.jar
7f7e7a28d000-7f7e7a2de000 r--s 0042b000 00:19 30                         /vagrant/dependencies/hibernate/required/hibernate-core-4.2.21.Final.jar
7f7e7a2de000-7f7e7a2e1000 r--s 00011000 00:19 29                         /vagrant/dependencies/hibernate/required/hibernate-commons-annotations-4.0.2.Final.jar
7f7e7a2e1000-7f7e7a2e6000 r--s 00048000 00:19 28                         /vagrant/dependencies/hibernate/required/dom4j-1.6.1.jar
7f7e7a2e6000-7f7e7a2eb000 r--s 00068000 00:19 27                         /vagrant/dependencies/hibernate/required/antlr-2.7.7.jar
7f7e7a2eb000-7f7e7a2ef000 r--s 0000c000 00:19 24                         /vagrant/dependencies/validation-api-1.1.0.Final.jar
7f7e7a2ef000-7f7e7a2f8000 r--s 000e8000 00:19 23                         /vagrant/dependencies/mysql-connector-java-5.1.37-bin.jar
7f7e7a2f8000-7f7e7a31e000 rw-p 00000000 00:00 0 
7f7e7a31e000-7f7e7a447000 r--s 00ee7000 08:01 2234157                    /home/vagrant/Dev/appengine-java-sdk-1.9.27/lib/user/appengine-api-1.0-sdk-1.9.27.jar
7f7e7a447000-7f7e7a448000 r--s 00001000 08:01 2234132                    /home/vagrant/Dev/appengine-java-sdk-1.9.27/lib/opt/user/jsr107/v1/jsr107cache-1.1.jar
7f7e7a448000-7f7e7a449000 r--s 00001000 08:01 2234131                    /home/vagrant/Dev/appengine-java-sdk-1.9.27/lib/opt/user/jsr107/v1/appengine-jsr107cache-1.9.27.jar
7f7e7a449000-7f7e7a44b000 r--s 00003000 08:01 2234115                    /home/vagrant/Dev/appengine-java-sdk-1.9.27/lib/opt/user/appengine-endpoints/v1/appengine-endpoints-deps.jar
7f7e7a44b000-7f7e7a479000 r--s 001c3000 08:01 2234116                    /home/vagrant/Dev/appengine-java-sdk-1.9.27/lib/opt/user/appengine-endpoints/v1/appengine-endpoints.jar
7f7e7a479000-7f7e7a4a8000 r--s 00515000 08:01 2234114                    /home/vagrant/Dev/appengine-java-sdk-1.9.27/lib/opt/user/appengine-api-labs/v1/appengine-api-labs.jar
7f7e7a4a8000-7f7e7a551000 r--s 0078b000 08:01 2117307                    /home/vagrant/Dev/appengine-java-sdk-1.9.27/lib/appengine-tools-api.jar
7f7e7a551000-7f7e7a555000 r--s 00038000 08:01 2234135                    /home/vagrant/Dev/appengine-java-sdk-1.9.27/lib/shared/appengine-local-runtime-shared.jar
7f7e7a555000-7f7e7a55c000 r--s 0007a000 08:01 2234141                    /home/vagrant/Dev/appengine-java-sdk-1.9.27/lib/shared/jsp/repackaged-appengine-jasper-6.0.29.jar
7f7e7a55c000-7f7e7a55d000 r--s 00006000 08:01 2234143                    /home/vagrant/Dev/appengine-java-sdk-1.9.27/lib/shared/jsp/repackaged-appengine-tomcat-juli-6.0.29.jar
7f7e7a55d000-7f7e7a571000 r--s 0012b000 08:01 2234139                    /home/vagrant/Dev/appengine-java-sdk-1.9.27/lib/shared/jsp/repackaged-appengine-ant-1.7.1.jar
7f7e7a571000-7f7e7a574000 r--s 00018000 08:01 2234142                    /home/vagrant/Dev/appengine-java-sdk-1.9.27/lib/shared/jsp/repackaged-appengine-jasper-el-6.0.29.jar
7f7e7a574000-7f7e7a576000 r--s 00006000 08:01 2234136                    /home/vagrant/Dev/appengine-java-sdk-1.9.27/lib/shared/el-api.jar
7f7e7a576000-7f7e7a58f000 r--s 000af000 00:19 22                         /vagrant/dependencies/gwtbootstrap3-extras-0.9.1.jar
7f7e7a58f000-7f7e7a59e000 r--s 00079000 00:19 21                         /vagrant/dependencies/gwt-charts-0.9.10.jar
7f7e7a59e000-7f7e7a5b1000 r--s 00140000 00:19 20                         /vagrant/dependencies/gwtbootstrap3-0.9.1.jar
7f7e7a5b1000-7f7e7a5b4000 ---p 00000000 00:00 0 
7f7e7a5b4000-7f7e7a703000 rw-p 00000000 00:00 0                          [stack:15488]
7f7e7a703000-7f7e7a906000 r--s 022ba000 08:01 1970154                    /home/vagrant/Dev/gwt-2.7.0/gwt-dev.jar
7f7e7a906000-7f7e7a934000 rw-p 00000000 00:00 0 
7f7e7a934000-7f7e7aa64000 r--s 01d5b000 08:01 1970155                    /home/vagrant/Dev/gwt-2.7.0/gwt-user.jar
7f7e7aa64000-7f7e7aa65000 ---p 00000000 00:00 0 
7f7e7aa65000-7f7e7ab65000 rw-p 00000000 00:00 0                          [stack:15485]
7f7e7ab65000-7f7e7ab68000 ---p 00000000 00:00 0 
7f7e7ab68000-7f7e7ac66000 rw-p 00000000 00:00 0                          [stack:15484]
7f7e7ac66000-7f7e7ac69000 ---p 00000000 00:00 0 
7f7e7ac69000-7f7e7ad67000 rw-p 00000000 00:00 0                          [stack:15483]
7f7e7ad67000-7f7e7ad6a000 ---p 00000000 00:00 0 
7f7e7ad6a000-7f7e7ae68000 rw-p 00000000 00:00 0                          [stack:15482]
7f7e7ae68000-7f7e7ae6b000 ---p 00000000 00:00 0 
7f7e7ae6b000-7f7e7af69000 rw-p 00000000 00:00 0                          [stack:15481]
7f7e7af69000-7f7e7b3a8000 r--p 00000000 08:01 531731                     /usr/lib/locale/locale-archive
7f7e7b3a8000-7f7e7b3ab000 ---p 00000000 00:00 0 
7f7e7b3ab000-7f7e7b4a9000 rw-p 00000000 00:00 0                          [stack:15480]
7f7e7b4a9000-7f7e7b4ac000 ---p 00000000 00:00 0 
7f7e7b4ac000-7f7e7b5aa000 rw-p 00000000 00:00 0                          [stack:15479]
7f7e7b5aa000-7f7e7b5ab000 ---p 00000000 00:00 0 
7f7e7b5ab000-7f7e7d000000 rw-p 00000000 00:00 0                          [stack:15478]
7f7e7d000000-7f7e7d3b0000 rwxp 00000000 00:00 0 
7f7e7d3b0000-7f7e805c5000 rw-p 00000000 00:00 0 
7f7e805c5000-7f7e84000000 ---p 00000000 00:00 0 
7f7e84000000-7f7e84001000 r--s 00002000 08:01 2234140                    /home/vagrant/Dev/appengine-java-sdk-1.9.27/lib/shared/jsp/repackaged-appengine-ant-launcher-1.7.1.jar
7f7e84001000-7f7e84003000 r--s 00014000 08:01 2234144                    /home/vagrant/Dev/appengine-java-sdk-1.9.27/lib/shared/servlet-api.jar
7f7e84003000-7f7e84005000 r--s 00011000 08:01 2234137                    /home/vagrant/Dev/appengine-java-sdk-1.9.27/lib/shared/jsp-api.jar
7f7e84005000-7f7e8400d000 r--s 00045000 08:01 2361620                    /home/vagrant/Dev/eclipse/plugins/org.junit_4.12.0.v201504281640/junit.jar
7f7e8400d000-7f7e8459d000 rw-p 00000000 00:00 0 
7f7e8459d000-7f7e8474e000 r--s 01d29000 08:01 656422                     /usr/lib/jvm/java-7-openjdk-amd64/jre/lib/rt.jar
7f7e8474e000-7f7e8499a000 rw-p 00000000 00:00 0 
7f7e8499a000-7f7e8499b000 ---p 00000000 00:00 0 
7f7e8499b000-7f7e84a9b000 rw-p 00000000 00:00 0                          [stack:15477]
7f7e84a9b000-7f7e84a9c000 ---p 00000000 00:00 0 
7f7e84a9c000-7f7e84ba8000 rw-p 00000000 00:00 0                          [stack:15476]
7f7e84ba8000-7f7e84bef000 rw-p 00000000 00:00 0 
7f7e84bef000-7f7e84c2d000 rw-p 00000000 00:00 0 
7f7e84c2d000-7f7e84c9a000 rw-p 00000000 00:00 0 
7f7e84c9a000-7f7e84ca6000 rw-p 00000000 00:00 0 
7f7e84ca6000-7f7e84ced000 rw-p 00000000 00:00 0 
7f7e84ced000-7f7e84d2b000 rw-p 00000000 00:00 0 
7f7e84d2b000-7f7e84d97000 rw-p 00000000 00:00 0 
7f7e84d97000-7f7e84ded000 rw-p 00000000 00:00 0 
7f7e84ded000-7f7e84dee000 rw-p 00000000 00:00 0 
7f7e84dee000-7f7e84df6000 r-xp 00000000 08:01 658172                     /usr/lib/jvm/java-7-openjdk-amd64/jre/lib/amd64/libzip.so
7f7e84df6000-7f7e84ff5000 ---p 00008000 08:01 658172                     /usr/lib/jvm/java-7-openjdk-amd64/jre/lib/amd64/libzip.so
7f7e84ff5000-7f7e84ff6000 r--p 00007000 08:01 658172                     /usr/lib/jvm/java-7-openjdk-amd64/jre/lib/amd64/libzip.so
7f7e84ff6000-7f7e84ff7000 rw-p 00008000 08:01 658172                     /usr/lib/jvm/java-7-openjdk-amd64/jre/lib/amd64/libzip.so
7f7e84ff7000-7f7e85002000 r-xp 00000000 08:01 2229214                    /lib/x86_64-linux-gnu/libnss_files-2.19.so
7f7e85002000-7f7e85201000 ---p 0000b000 08:01 2229214                    /lib/x86_64-linux-gnu/libnss_files-2.19.so
7f7e85201000-7f7e85202000 r--p 0000a000 08:01 2229214                    /lib/x86_64-linux-gnu/libnss_files-2.19.so
7f7e85202000-7f7e85203000 rw-p 0000b000 08:01 2229214                    /lib/x86_64-linux-gnu/libnss_files-2.19.so
7f7e85203000-7f7e8520e000 r-xp 00000000 08:01 2229278                    /lib/x86_64-linux-gnu/libnss_nis-2.19.so
7f7e8520e000-7f7e8540d000 ---p 0000b000 08:01 2229278                    /lib/x86_64-linux-gnu/libnss_nis-2.19.so
7f7e8540d000-7f7e8540e000 r--p 0000a000 08:01 2229278                    /lib/x86_64-linux-gnu/libnss_nis-2.19.so
7f7e8540e000-7f7e8540f000 rw-p 0000b000 08:01 2229278                    /lib/x86_64-linux-gnu/libnss_nis-2.19.so
7f7e8540f000-7f7e85426000 r-xp 00000000 08:01 2229236                    /lib/x86_64-linux-gnu/libnsl-2.19.so
7f7e85426000-7f7e85625000 ---p 00017000 08:01 2229236                    /lib/x86_64-linux-gnu/libnsl-2.19.so
7f7e85625000-7f7e85626000 r--p 00016000 08:01 2229236                    /lib/x86_64-linux-gnu/libnsl-2.19.so
7f7e85626000-7f7e85627000 rw-p 00017000 08:01 2229236                    /lib/x86_64-linux-gnu/libnsl-2.19.so
7f7e85627000-7f7e85629000 rw-p 00000000 00:00 0 
7f7e85629000-7f7e85632000 r-xp 00000000 08:01 2229235                    /lib/x86_64-linux-gnu/libnss_compat-2.19.so
7f7e85632000-7f7e85831000 ---p 00009000 08:01 2229235                    /lib/x86_64-linux-gnu/libnss_compat-2.19.so
7f7e85831000-7f7e85832000 r--p 00008000 08:01 2229235                    /lib/x86_64-linux-gnu/libnss_compat-2.19.so
7f7e85832000-7f7e85833000 rw-p 00009000 08:01 2229235                    /lib/x86_64-linux-gnu/libnss_compat-2.19.so
7f7e85833000-7f7e8585e000 r-xp 00000000 08:01 659871                     /usr/lib/jvm/java-7-openjdk-amd64/jre/lib/amd64/libjava.so
7f7e8585e000-7f7e85a5d000 ---p 0002b000 08:01 659871                     /usr/lib/jvm/java-7-openjdk-amd64/jre/lib/amd64/libjava.so
7f7e85a5d000-7f7e85a5e000 r--p 0002a000 08:01 659871                     /usr/lib/jvm/java-7-openjdk-amd64/jre/lib/amd64/libjava.so
7f7e85a5e000-7f7e85a60000 rw-p 0002b000 08:01 659871                     /usr/lib/jvm/java-7-openjdk-amd64/jre/lib/amd64/libjava.so
7f7e85a60000-7f7e85a70000 r-xp 00000000 08:01 658231                     /usr/lib/jvm/java-7-openjdk-amd64/jre/lib/amd64/libverify.so
7f7e85a70000-7f7e85c6f000 ---p 00010000 08:01 658231                     /usr/lib/jvm/java-7-openjdk-amd64/jre/lib/amd64/libverify.so
7f7e85c6f000-7f7e85c71000 r--p 0000f000 08:01 658231                     /usr/lib/jvm/java-7-openjdk-amd64/jre/lib/amd64/libverify.so
7f7e85c71000-7f7e85c72000 rw-p 00011000 08:01 658231                     /usr/lib/jvm/java-7-openjdk-amd64/jre/lib/amd64/libverify.so
7f7e85c72000-7f7e85c79000 r-xp 00000000 08:01 2229275                    /lib/x86_64-linux-gnu/librt-2.19.so
7f7e85c79000-7f7e85e78000 ---p 00007000 08:01 2229275                    /lib/x86_64-linux-gnu/librt-2.19.so
7f7e85e78000-7f7e85e79000 r--p 00006000 08:01 2229275                    /lib/x86_64-linux-gnu/librt-2.19.so
7f7e85e79000-7f7e85e7a000 rw-p 00007000 08:01 2229275                    /lib/x86_64-linux-gnu/librt-2.19.so
7f7e85e7a000-7f7e85e90000 r-xp 00000000 08:01 2232640                    /lib/x86_64-linux-gnu/libgcc_s.so.1
7f7e85e90000-7f7e8608f000 ---p 00016000 08:01 2232640                    /lib/x86_64-linux-gnu/libgcc_s.so.1
7f7e8608f000-7f7e86090000 rw-p 00015000 08:01 2232640                    /lib/x86_64-linux-gnu/libgcc_s.so.1
7f7e86090000-7f7e86195000 r-xp 00000000 08:01 2229213                    /lib/x86_64-linux-gnu/libm-2.19.so
7f7e86195000-7f7e86394000 ---p 00105000 08:01 2229213                    /lib/x86_64-linux-gnu/libm-2.19.so
7f7e86394000-7f7e86395000 r--p 00104000 08:01 2229213                    /lib/x86_64-linux-gnu/libm-2.19.so
7f7e86395000-7f7e86396000 rw-p 00105000 08:01 2229213                    /lib/x86_64-linux-gnu/libm-2.19.so
7f7e86396000-7f7e8647c000 r-xp 00000000 08:01 529716                     /usr/lib/x86_64-linux-gnu/libstdc++.so.6.0.19
7f7e8647c000-7f7e8667b000 ---p 000e6000 08:01 529716                     /usr/lib/x86_64-linux-gnu/libstdc++.so.6.0.19
7f7e8667b000-7f7e86683000 r--p 000e5000 08:01 529716                     /usr/lib/x86_64-linux-gnu/libstdc++.so.6.0.19
7f7e86683000-7f7e86685000 rw-p 000ed000 08:01 529716                     /usr/lib/x86_64-linux-gnu/libstdc++.so.6.0.19
7f7e86685000-7f7e8669a000 rw-p 00000000 00:00 0 
7f7e8669a000-7f7e871b3000 r-xp 00000000 08:01 658176                     /usr/lib/jvm/java-7-openjdk-amd64/jre/lib/amd64/server/libjvm.so
7f7e871b3000-7f7e873b3000 ---p 00b19000 08:01 658176                     /usr/lib/jvm/java-7-openjdk-amd64/jre/lib/amd64/server/libjvm.so
7f7e873b3000-7f7e8744d000 r--p 00b19000 08:01 658176                     /usr/lib/jvm/java-7-openjdk-amd64/jre/lib/amd64/server/libjvm.so
7f7e8744d000-7f7e87470000 rw-p 00bb3000 08:01 658176                     /usr/lib/jvm/java-7-openjdk-amd64/jre/lib/amd64/server/libjvm.so
7f7e87470000-7f7e8749e000 rw-p 00000000 00:00 0 
7f7e8749e000-7f7e874b6000 r-xp 00000000 08:01 2232777                    /lib/x86_64-linux-gnu/libz.so.1.2.8
7f7e874b6000-7f7e876b5000 ---p 00018000 08:01 2232777                    /lib/x86_64-linux-gnu/libz.so.1.2.8
7f7e876b5000-7f7e876b6000 r--p 00017000 08:01 2232777                    /lib/x86_64-linux-gnu/libz.so.1.2.8
7f7e876b6000-7f7e876b7000 rw-p 00018000 08:01 2232777                    /lib/x86_64-linux-gnu/libz.so.1.2.8
7f7e876b7000-7f7e876d0000 r-xp 00000000 08:01 2229265                    /lib/x86_64-linux-gnu/libpthread-2.19.so
7f7e876d0000-7f7e878cf000 ---p 00019000 08:01 2229265                    /lib/x86_64-linux-gnu/libpthread-2.19.so
7f7e878cf000-7f7e878d0000 r--p 00018000 08:01 2229265                    /lib/x86_64-linux-gnu/libpthread-2.19.so
7f7e878d0000-7f7e878d1000 rw-p 00019000 08:01 2229265                    /lib/x86_64-linux-gnu/libpthread-2.19.so
7f7e878d1000-7f7e878d5000 rw-p 00000000 00:00 0 
7f7e878d5000-7f7e878d8000 r-xp 00000000 08:01 2229217                    /lib/x86_64-linux-gnu/libdl-2.19.so
7f7e878d8000-7f7e87ad7000 ---p 00003000 08:01 2229217                    /lib/x86_64-linux-gnu/libdl-2.19.so
7f7e87ad7000-7f7e87ad8000 r--p 00002000 08:01 2229217                    /lib/x86_64-linux-gnu/libdl-2.19.so
7f7e87ad8000-7f7e87ad9000 rw-p 00003000 08:01 2229217                    /lib/x86_64-linux-gnu/libdl-2.19.so
7f7e87ad9000-7f7e87c94000 r-xp 00000000 08:01 2229264                    /lib/x86_64-linux-gnu/libc-2.19.so
7f7e87c94000-7f7e87e93000 ---p 001bb000 08:01 2229264                    /lib/x86_64-linux-gnu/libc-2.19.so
7f7e87e93000-7f7e87e97000 r--p 001ba000 08:01 2229264                    /lib/x86_64-linux-gnu/libc-2.19.so
7f7e87e97000-7f7e87e99000 rw-p 001be000 08:01 2229264                    /lib/x86_64-linux-gnu/libc-2.19.so
7f7e87e99000-7f7e87e9e000 rw-p 00000000 00:00 0 
7f7e87e9e000-7f7e87eab000 r-xp 00000000 08:01 658174                     /usr/lib/jvm/java-7-openjdk-amd64/jre/lib/amd64/jli/libjli.so
7f7e87eab000-7f7e880aa000 ---p 0000d000 08:01 658174                     /usr/lib/jvm/java-7-openjdk-amd64/jre/lib/amd64/jli/libjli.so
7f7e880aa000-7f7e880ab000 r--p 0000c000 08:01 658174                     /usr/lib/jvm/java-7-openjdk-amd64/jre/lib/amd64/jli/libjli.so
7f7e880ab000-7f7e880ac000 rw-p 0000d000 08:01 658174                     /usr/lib/jvm/java-7-openjdk-amd64/jre/lib/amd64/jli/libjli.so
7f7e880ac000-7f7e880cf000 r-xp 00000000 08:01 2229240                    /lib/x86_64-linux-gnu/ld-2.19.so
7f7e880cf000-7f7e880d1000 r--s 0000c000 08:01 2361817                    /home/vagrant/Dev/eclipse/plugins/org.hamcrest.core_1.3.0.v201303031735.jar
7f7e880d1000-7f7e880d4000 r--s 00009000 08:01 1970178                    /home/vagrant/Dev/gwt-2.7.0/validation-api-1.0.0.GA.jar
7f7e880d4000-7f7e880d6000 r--s 0000e000 08:01 1970179                    /home/vagrant/Dev/gwt-2.7.0/validation-api-1.0.0.GA-sources.jar
7f7e880d6000-7f7e880da000 r--s 0002d000 08:01 1970165                    /home/vagrant/Dev/gwt-2.7.0/gwt-codeserver.jar
7f7e880da000-7f7e880de000 r--s 00034000 08:01 657032                     /usr/lib/jvm/java-7-openjdk-amd64/jre/lib/ext/sunjce_provider.jar
7f7e880de000-7f7e880e2000 r--s 00085000 08:01 657026                     /usr/lib/jvm/java-7-openjdk-amd64/jre/lib/ext/localedata.jar
7f7e880e2000-7f7e880e4000 r--s 00012000 08:01 657040                     /usr/lib/jvm/java-7-openjdk-amd64/jre/lib/ext/zipfs.jar
7f7e880e4000-7f7e880e6000 r--s 00006000 08:01 1056384                    /usr/share/java/java-atk-wrapper.jar
7f7e880e6000-7f7e880e7000 r--s 00002000 08:01 657030                     /usr/lib/jvm/java-7-openjdk-amd64/jre/lib/ext/dnsns.jar
7f7e880e7000-7f7e880f6000 rw-p 00000000 00:00 0 
7f7e880f6000-7f7e881a7000 rw-p 00000000 00:00 0 
7f7e881a7000-7f7e881aa000 ---p 00000000 00:00 0 
7f7e881aa000-7f7e882ad000 rw-p 00000000 00:00 0                          [stack:15475]
7f7e882ad000-7f7e882b0000 r--s 0000f000 08:01 657038                     /usr/lib/jvm/java-7-openjdk-amd64/jre/lib/ext/icedtea-sound.jar
7f7e882b0000-7f7e882b4000 r--s 0003c000 08:01 657036                     /usr/lib/jvm/java-7-openjdk-amd64/jre/lib/ext/sunpkcs11.jar
7f7e882b4000-7f7e882c2000 rw-p 00000000 00:00 0 
7f7e882c2000-7f7e882ca000 rw-s 00000000 08:01 2237028                    /tmp/hsperfdata_vagrant/15472
7f7e882ca000-7f7e882cb000 rw-p 00000000 00:00 0 
7f7e882cb000-7f7e882cc000 ---p 00000000 00:00 0 
7f7e882cc000-7f7e882ce000 rw-p 00000000 00:00 0 
7f7e882ce000-7f7e882cf000 r--p 00022000 08:01 2229240                    /lib/x86_64-linux-gnu/ld-2.19.so
7f7e882cf000-7f7e882d0000 rw-p 00023000 08:01 2229240                    /lib/x86_64-linux-gnu/ld-2.19.so
7f7e882d0000-7f7e882d1000 rw-p 00000000 00:00 0 
7fffb872f000-7fffb8751000 rw-p 00000000 00:00 0                          [stack]
7fffb87fe000-7fffb8800000 r-xp 00000000 00:00 0                          [vdso]
ffffffffff600000-ffffffffff601000 r-xp 00000000 00:00 0                  [vsyscall]

VM Arguments:
jvm_args: -Xmx512m 
java_command: com.google.gwt.dev.Compiler -logLevel TRACE -style OBFUSCATED -war /vagrant/project/se7en/war ch.uzh.se.se7en.Se7en
Launcher Type: SUN_STANDARD

Environment Variables:
PATH=/usr/local/sbin:/usr/local/bin:/usr/sbin:/usr/bin:/sbin:/bin:/usr/games:/usr/local/games
USERNAME=vagrant
SHELL=/bin/bash
DISPLAY=:0.0

Signal Handlers:
SIGSEGV: [libjvm.so+0x94bab0], sa_mask[0]=0x7ffbfeff, sa_flags=0x10000004
SIGBUS: [libjvm.so+0x94bab0], sa_mask[0]=0x7ffbfeff, sa_flags=0x10000004
SIGFPE: [libjvm.so+0x7c38b0], sa_mask[0]=0x7ffbfeff, sa_flags=0x10000004
SIGPIPE: [libjvm.so+0x7c38b0], sa_mask[0]=0x7ffbfeff, sa_flags=0x10000004
SIGXFSZ: [libjvm.so+0x7c38b0], sa_mask[0]=0x7ffbfeff, sa_flags=0x10000004
SIGILL: [libjvm.so+0x7c38b0], sa_mask[0]=0x7ffbfeff, sa_flags=0x10000004
SIGUSR1: SIG_DFL, sa_mask[0]=0x00000000, sa_flags=0x00000000
SIGUSR2: [libjvm.so+0x7c3750], sa_mask[0]=0x00000004, sa_flags=0x10000004
SIGHUP: [libjvm.so+0x7c3930], sa_mask[0]=0x7ffbfeff, sa_flags=0x10000004
SIGINT: [libjvm.so+0x7c3930], sa_mask[0]=0x7ffbfeff, sa_flags=0x10000004
SIGTERM: [libjvm.so+0x7c3930], sa_mask[0]=0x7ffbfeff, sa_flags=0x10000004
SIGQUIT: [libjvm.so+0x7c3930], sa_mask[0]=0x7ffbfeff, sa_flags=0x10000004
SIGTRAP: SIG_DFL, sa_mask[0]=0x00000000, sa_flags=0x00000000


---------------  S Y S T E M  ---------------

OS:LinuxMint 17.2 (rafaela)
uname:Linux 3.13.0-37-generic #64-Ubuntu SMP Mon Sep 22 21:28:38 UTC 2014 x86_64
libc:glibc 2.19 NPTL 2.19 
rlimit: STACK 8192k, CORE 0k, NPROC 15455, NOFILE 4096, AS infinity
load average:0.67 0.33 0.47

/proc/meminfo:
MemTotal:        2000768 kB
MemFree:           63200 kB
Buffers:             240 kB
Cached:            33596 kB
SwapCached:            0 kB
Active:          1763252 kB
Inactive:          30500 kB
Active(anon):    1760876 kB
Inactive(anon):    15716 kB
Active(file):       2376 kB
Inactive(file):    14784 kB
Unevictable:          16 kB
Mlocked:              16 kB
SwapTotal:             0 kB
SwapFree:              0 kB
Dirty:               448 kB
Writeback:             0 kB
AnonPages:       1759944 kB
Mapped:            22692 kB
Shmem:             16664 kB
Slab:              31756 kB
SReclaimable:      13808 kB
SUnreclaim:        17948 kB
KernelStack:        3416 kB
PageTables:        21744 kB
NFS_Unstable:          0 kB
Bounce:                0 kB
WritebackTmp:          0 kB
CommitLimit:     1000384 kB
Committed_AS:    3532444 kB
VmallocTotal:   34359738367 kB
VmallocUsed:        9444 kB
VmallocChunk:   34359726075 kB
HardwareCorrupted:     0 kB
AnonHugePages:   1060864 kB
HugePages_Total:       0
HugePages_Free:        0
HugePages_Rsvd:        0
HugePages_Surp:        0
Hugepagesize:       2048 kB
DirectMap4k:       38848 kB
DirectMap2M:     2009088 kB


CPU:total 2 (2 cores per cpu, 1 threads per core) family 6 model 69 stepping 1, cmov, cx8, fxsr, mmx, sse, sse2, sse3, ssse3, sse4.1, sse4.2, popcnt, avx, aes, tsc, tscinvbit

/proc/cpuinfo:
processor	: 0
vendor_id	: GenuineIntel
cpu family	: 6
model		: 69
model name	: Intel(R) Core(TM) i7-4650U CPU @ 1.70GHz
stepping	: 1
microcode	: 0x19
cpu MHz		: 2300.076
cache size	: 4096 KB
physical id	: 0
siblings	: 2
core id		: 0
cpu cores	: 2
apicid		: 0
initial apicid	: 0
fpu		: yes
fpu_exception	: yes
cpuid level	: 13
wp		: yes
flags		: fpu vme de pse tsc msr pae mce cx8 apic sep mtrr pge mca cmov pat pse36 clflush mmx fxsr sse sse2 ht syscall nx rdtscp lm constant_tsc rep_good nopl xtopology nonstop_tsc pni pclmulqdq ssse3 cx16 sse4_1 sse4_2 movbe popcnt aes xsave avx rdrand lahf_lm abm
bogomips	: 4600.15
clflush size	: 64
cache_alignment	: 64
address sizes	: 39 bits physical, 48 bits virtual
power management:

processor	: 1
vendor_id	: GenuineIntel
cpu family	: 6
model		: 69
model name	: Intel(R) Core(TM) i7-4650U CPU @ 1.70GHz
stepping	: 1
microcode	: 0x19
cpu MHz		: 2300.076
cache size	: 4096 KB
physical id	: 0
siblings	: 2
core id		: 1
cpu cores	: 2
apicid		: 1
initial apicid	: 1
fpu		: yes
fpu_exception	: yes
cpuid level	: 13
wp		: yes
flags		: fpu vme de pse tsc msr pae mce cx8 apic sep mtrr pge mca cmov pat pse36 clflush mmx fxsr sse sse2 ht syscall nx rdtscp lm constant_tsc rep_good nopl xtopology nonstop_tsc pni pclmulqdq ssse3 cx16 sse4_1 sse4_2 movbe popcnt aes xsave avx rdrand lahf_lm abm
bogomips	: 4600.15
clflush size	: 64
cache_alignment	: 64
address sizes	: 39 bits physical, 48 bits virtual
power management:



Memory: 4k page, physical 2000768k(63200k free), swap 0k(0k free)

vm_info: OpenJDK 64-Bit Server VM (24.79-b02) for linux-amd64 JRE (1.7.0_79-b14), built on Jul 24 2015 08:15:54 by "buildd" with gcc 4.8.2

time: Sat Oct 31 13:06:04 2015
elapsed time: 26 seconds

